{"C:\\Users\\Administrator\\Documents\\ai\\ComfyUI\\custom_nodes\\ComfyUI_Data_Manager\\frontend\\src\\api\\ssh.ts": {"path":"C:\\Users\\Administrator\\Documents\\ai\\ComfyUI\\custom_nodes\\ComfyUI_Data_Manager\\frontend\\src\\api\\ssh.ts","statementMap":{"0":{"start":{"line":38,"column":19},"end":{"line":47,"column":null}},"1":{"start":{"line":49,"column":2},"end":{"line":52,"column":null}},"2":{"start":{"line":50,"column":18},"end":{"line":50,"column":null}},"3":{"start":{"line":50,"column":53},"end":{"line":50,"column":71}},"4":{"start":{"line":51,"column":4},"end":{"line":51,"column":null}},"5":{"start":{"line":54,"column":2},"end":{"line":54,"column":null}},"6":{"start":{"line":65,"column":19},"end":{"line":69,"column":null}},"7":{"start":{"line":71,"column":2},"end":{"line":74,"column":null}},"8":{"start":{"line":72,"column":18},"end":{"line":72,"column":null}},"9":{"start":{"line":72,"column":53},"end":{"line":72,"column":71}},"10":{"start":{"line":73,"column":4},"end":{"line":73,"column":null}},"11":{"start":{"line":76,"column":2},"end":{"line":76,"column":null}},"12":{"start":{"line":89,"column":19},"end":{"line":96,"column":null}},"13":{"start":{"line":98,"column":2},"end":{"line":101,"column":null}},"14":{"start":{"line":99,"column":18},"end":{"line":99,"column":null}},"15":{"start":{"line":99,"column":53},"end":{"line":99,"column":73}},"16":{"start":{"line":100,"column":4},"end":{"line":100,"column":null}},"17":{"start":{"line":103,"column":2},"end":{"line":103,"column":null}}},"fnMap":{"0":{"name":"sshConnect","decl":{"start":{"line":32,"column":22},"end":{"line":32,"column":null}},"loc":{"start":{"line":37,"column":31},"end":{"line":55,"column":null}},"line":37},"1":{"name":"(anonymous_1)","decl":{"start":{"line":50,"column":46},"end":{"line":50,"column":53}},"loc":{"start":{"line":50,"column":53},"end":{"line":50,"column":71}},"line":50},"2":{"name":"sshDisconnect","decl":{"start":{"line":62,"column":22},"end":{"line":62,"column":null}},"loc":{"start":{"line":64,"column":67},"end":{"line":77,"column":null}},"line":64},"3":{"name":"(anonymous_3)","decl":{"start":{"line":72,"column":46},"end":{"line":72,"column":53}},"loc":{"start":{"line":72,"column":53},"end":{"line":72,"column":71}},"line":72},"4":{"name":"sshList","decl":{"start":{"line":85,"column":22},"end":{"line":85,"column":null}},"loc":{"start":{"line":88,"column":28},"end":{"line":104,"column":null}},"line":88},"5":{"name":"(anonymous_5)","decl":{"start":{"line":99,"column":46},"end":{"line":99,"column":53}},"loc":{"start":{"line":99,"column":53},"end":{"line":99,"column":73}},"line":99}},"branchMap":{"0":{"loc":{"start":{"line":43,"column":12},"end":{"line":43,"column":null}},"type":"binary-expr","locations":[{"start":{"line":43,"column":12},"end":{"line":43,"column":20}},{"start":{"line":43,"column":20},"end":{"line":43,"column":null}}],"line":43},"1":{"loc":{"start":{"line":49,"column":2},"end":{"line":52,"column":null}},"type":"if","locations":[{"start":{"line":49,"column":2},"end":{"line":52,"column":null}},{"start":{},"end":{}}],"line":49},"2":{"loc":{"start":{"line":51,"column":20},"end":{"line":51,"column":62}},"type":"binary-expr","locations":[{"start":{"line":51,"column":20},"end":{"line":51,"column":35}},{"start":{"line":51,"column":35},"end":{"line":51,"column":52}},{"start":{"line":51,"column":52},"end":{"line":51,"column":62}}],"line":51},"3":{"loc":{"start":{"line":71,"column":2},"end":{"line":74,"column":null}},"type":"if","locations":[{"start":{"line":71,"column":2},"end":{"line":74,"column":null}},{"start":{},"end":{}}],"line":71},"4":{"loc":{"start":{"line":73,"column":21},"end":{"line":73,"column":86}},"type":"binary-expr","locations":[{"start":{"line":73,"column":21},"end":{"line":73,"column":48}},{"start":{"line":73,"column":48},"end":{"line":73,"column":76}},{"start":{"line":73,"column":76},"end":{"line":73,"column":86}}],"line":73},"5":{"loc":{"start":{"line":87,"column":2},"end":{"line":87,"column":null}},"type":"default-arg","locations":[{"start":{"line":87,"column":9},"end":{"line":87,"column":null}}],"line":87},"6":{"loc":{"start":{"line":98,"column":2},"end":{"line":101,"column":null}},"type":"if","locations":[{"start":{"line":98,"column":2},"end":{"line":101,"column":null}},{"start":{},"end":{}}],"line":98},"7":{"loc":{"start":{"line":100,"column":21},"end":{"line":100,"column":88}},"type":"binary-expr","locations":[{"start":{"line":100,"column":21},"end":{"line":100,"column":48}},{"start":{"line":100,"column":48},"end":{"line":100,"column":76}},{"start":{"line":100,"column":76},"end":{"line":100,"column":88}}],"line":100}},"s":{"0":6,"1":5,"2":3,"3":1,"4":3,"5":2,"6":2,"7":2,"8":1,"9":0,"10":1,"11":1,"12":3,"13":3,"14":1,"15":0,"16":1,"17":2},"f":{"0":6,"1":1,"2":2,"3":0,"4":3,"5":0},"b":{"0":[6,1],"1":[3,2],"2":[3,0,0],"3":[1,1],"4":[1,0,0],"5":[3],"6":[1,2],"7":[1,0,0]},"meta":{"lastBranch":8,"lastFunction":6,"lastStatement":18,"seen":{"f:32:22:32:Infinity":0,"s:38:19:47:Infinity":0,"b:43:12:43:20:43:20:43:Infinity":0,"b:49:2:52:Infinity:undefined:undefined:undefined:undefined":1,"s:49:2:52:Infinity":1,"s:50:18:50:Infinity":2,"f:50:46:50:53":1,"s:50:53:50:71":3,"s:51:4:51:Infinity":4,"b:51:20:51:35:51:35:51:52:51:52:51:62":2,"s:54:2:54:Infinity":5,"f:62:22:62:Infinity":2,"s:65:19:69:Infinity":6,"b:71:2:74:Infinity:undefined:undefined:undefined:undefined":3,"s:71:2:74:Infinity":7,"s:72:18:72:Infinity":8,"f:72:46:72:53":3,"s:72:53:72:71":9,"s:73:4:73:Infinity":10,"b:73:21:73:48:73:48:73:76:73:76:73:86":4,"s:76:2:76:Infinity":11,"f:85:22:85:Infinity":4,"b:87:9:87:Infinity":5,"s:89:19:96:Infinity":12,"b:98:2:101:Infinity:undefined:undefined:undefined:undefined":6,"s:98:2:101:Infinity":13,"s:99:18:99:Infinity":14,"f:99:46:99:53":5,"s:99:53:99:73":15,"s:100:4:100:Infinity":16,"b:100:21:100:48:100:48:100:76:100:76:100:88":7,"s:103:2:103:Infinity":17}}}
,"C:\\Users\\Administrator\\Documents\\ai\\ComfyUI\\custom_nodes\\ComfyUI_Data_Manager\\frontend\\src\\api\\endpoints\\file.ts": {"path":"C:\\Users\\Administrator\\Documents\\ai\\ComfyUI\\custom_nodes\\ComfyUI_Data_Manager\\frontend\\src\\api\\endpoints\\file.ts","statementMap":{"0":{"start":{"line":43,"column":19},"end":{"line":47,"column":null}},"1":{"start":{"line":49,"column":2},"end":{"line":51,"column":null}},"2":{"start":{"line":50,"column":4},"end":{"line":50,"column":null}},"3":{"start":{"line":53,"column":20},"end":{"line":53,"column":null}},"4":{"start":{"line":53,"column":55},"end":{"line":53,"column":58}},"5":{"start":{"line":54,"column":20},"end":{"line":54,"column":null}},"6":{"start":{"line":55,"column":2},"end":{"line":55,"column":null}},"7":{"start":{"line":64,"column":2},"end":{"line":64,"column":null}},"8":{"start":{"line":73,"column":19},"end":{"line":77,"column":null}},"9":{"start":{"line":79,"column":2},"end":{"line":82,"column":null}},"10":{"start":{"line":80,"column":17},"end":{"line":80,"column":null}},"11":{"start":{"line":81,"column":4},"end":{"line":81,"column":null}},"12":{"start":{"line":84,"column":20},"end":{"line":84,"column":null}},"13":{"start":{"line":84,"column":55},"end":{"line":84,"column":58}},"14":{"start":{"line":85,"column":20},"end":{"line":85,"column":null}},"15":{"start":{"line":86,"column":2},"end":{"line":86,"column":null}},"16":{"start":{"line":101,"column":19},"end":{"line":105,"column":null}},"17":{"start":{"line":107,"column":2},"end":{"line":109,"column":null}},"18":{"start":{"line":108,"column":4},"end":{"line":108,"column":null}},"19":{"start":{"line":111,"column":16},"end":{"line":111,"column":null}},"20":{"start":{"line":111,"column":51},"end":{"line":111,"column":78}},"21":{"start":{"line":112,"column":2},"end":{"line":112,"column":null}},"22":{"start":{"line":125,"column":19},"end":{"line":129,"column":null}},"23":{"start":{"line":131,"column":2},"end":{"line":133,"column":null}},"24":{"start":{"line":132,"column":4},"end":{"line":132,"column":null}},"25":{"start":{"line":135,"column":16},"end":{"line":135,"column":null}},"26":{"start":{"line":135,"column":51},"end":{"line":135,"column":78}},"27":{"start":{"line":136,"column":2},"end":{"line":136,"column":null}},"28":{"start":{"line":149,"column":19},"end":{"line":153,"column":null}},"29":{"start":{"line":155,"column":2},"end":{"line":157,"column":null}},"30":{"start":{"line":156,"column":4},"end":{"line":156,"column":null}},"31":{"start":{"line":159,"column":16},"end":{"line":159,"column":null}},"32":{"start":{"line":159,"column":51},"end":{"line":159,"column":78}},"33":{"start":{"line":160,"column":2},"end":{"line":160,"column":null}}},"fnMap":{"0":{"name":"listDirectory","decl":{"start":{"line":42,"column":22},"end":{"line":42,"column":36}},"loc":{"start":{"line":42,"column":82},"end":{"line":56,"column":null}},"line":42},"1":{"name":"(anonymous_1)","decl":{"start":{"line":53,"column":48},"end":{"line":53,"column":55}},"loc":{"start":{"line":53,"column":55},"end":{"line":53,"column":58}},"line":53},"2":{"name":"getPreviewUrl","decl":{"start":{"line":63,"column":16},"end":{"line":63,"column":30}},"loc":{"start":{"line":63,"column":52},"end":{"line":65,"column":null}},"line":63},"3":{"name":"getFileInfo","decl":{"start":{"line":72,"column":22},"end":{"line":72,"column":34}},"loc":{"start":{"line":72,"column":67},"end":{"line":87,"column":null}},"line":72},"4":{"name":"(anonymous_4)","decl":{"start":{"line":84,"column":48},"end":{"line":84,"column":55}},"loc":{"start":{"line":84,"column":55},"end":{"line":84,"column":58}},"line":84},"5":{"name":"createFile","decl":{"start":{"line":96,"column":22},"end":{"line":96,"column":null}},"loc":{"start":{"line":100,"column":27},"end":{"line":113,"column":null}},"line":100},"6":{"name":"(anonymous_6)","decl":{"start":{"line":111,"column":44},"end":{"line":111,"column":51}},"loc":{"start":{"line":111,"column":51},"end":{"line":111,"column":78}},"line":111},"7":{"name":"createDirectory","decl":{"start":{"line":121,"column":22},"end":{"line":121,"column":null}},"loc":{"start":{"line":124,"column":27},"end":{"line":137,"column":null}},"line":124},"8":{"name":"(anonymous_8)","decl":{"start":{"line":135,"column":44},"end":{"line":135,"column":51}},"loc":{"start":{"line":135,"column":51},"end":{"line":135,"column":78}},"line":135},"9":{"name":"deleteFile","decl":{"start":{"line":145,"column":22},"end":{"line":145,"column":null}},"loc":{"start":{"line":148,"column":49},"end":{"line":161,"column":null}},"line":148},"10":{"name":"(anonymous_10)","decl":{"start":{"line":159,"column":44},"end":{"line":159,"column":51}},"loc":{"start":{"line":159,"column":51},"end":{"line":159,"column":78}},"line":159}},"branchMap":{"0":{"loc":{"start":{"line":49,"column":2},"end":{"line":51,"column":null}},"type":"if","locations":[{"start":{"line":49,"column":2},"end":{"line":51,"column":null}},{"start":{},"end":{}}],"line":49},"1":{"loc":{"start":{"line":54,"column":20},"end":{"line":54,"column":null}},"type":"binary-expr","locations":[{"start":{"line":54,"column":20},"end":{"line":54,"column":51}},{"start":{"line":54,"column":51},"end":{"line":54,"column":83}},{"start":{"line":54,"column":83},"end":{"line":54,"column":null}}],"line":54},"2":{"loc":{"start":{"line":79,"column":2},"end":{"line":82,"column":null}},"type":"if","locations":[{"start":{"line":79,"column":2},"end":{"line":82,"column":null}},{"start":{},"end":{}}],"line":79},"3":{"loc":{"start":{"line":85,"column":20},"end":{"line":85,"column":null}},"type":"binary-expr","locations":[{"start":{"line":85,"column":20},"end":{"line":85,"column":51}},{"start":{"line":85,"column":51},"end":{"line":85,"column":83}},{"start":{"line":85,"column":83},"end":{"line":85,"column":null}}],"line":85},"4":{"loc":{"start":{"line":99,"column":2},"end":{"line":99,"column":null}},"type":"default-arg","locations":[{"start":{"line":99,"column":12},"end":{"line":99,"column":null}}],"line":99},"5":{"loc":{"start":{"line":107,"column":2},"end":{"line":109,"column":null}},"type":"if","locations":[{"start":{"line":107,"column":2},"end":{"line":109,"column":null}},{"start":{},"end":{}}],"line":107},"6":{"loc":{"start":{"line":112,"column":18},"end":{"line":112,"column":73}},"type":"binary-expr","locations":[{"start":{"line":112,"column":18},"end":{"line":112,"column":33}},{"start":{"line":112,"column":33},"end":{"line":112,"column":50}},{"start":{"line":112,"column":50},"end":{"line":112,"column":73}}],"line":112},"7":{"loc":{"start":{"line":131,"column":2},"end":{"line":133,"column":null}},"type":"if","locations":[{"start":{"line":131,"column":2},"end":{"line":133,"column":null}},{"start":{},"end":{}}],"line":131},"8":{"loc":{"start":{"line":136,"column":18},"end":{"line":136,"column":78}},"type":"binary-expr","locations":[{"start":{"line":136,"column":18},"end":{"line":136,"column":33}},{"start":{"line":136,"column":33},"end":{"line":136,"column":50}},{"start":{"line":136,"column":50},"end":{"line":136,"column":78}}],"line":136},"9":{"loc":{"start":{"line":147,"column":2},"end":{"line":147,"column":null}},"type":"default-arg","locations":[{"start":{"line":147,"column":13},"end":{"line":147,"column":null}}],"line":147},"10":{"loc":{"start":{"line":155,"column":2},"end":{"line":157,"column":null}},"type":"if","locations":[{"start":{"line":155,"column":2},"end":{"line":157,"column":null}},{"start":{},"end":{}}],"line":155},"11":{"loc":{"start":{"line":160,"column":18},"end":{"line":160,"column":56}},"type":"binary-expr","locations":[{"start":{"line":160,"column":18},"end":{"line":160,"column":33}},{"start":{"line":160,"column":33},"end":{"line":160,"column":56}}],"line":160}},"s":{"0":5,"1":5,"2":1,"3":4,"4":1,"5":4,"6":5,"7":3,"8":3,"9":3,"10":2,"11":2,"12":1,"13":0,"14":1,"15":3,"16":4,"17":4,"18":2,"19":2,"20":0,"21":2,"22":2,"23":2,"24":1,"25":1,"26":0,"27":1,"28":4,"29":4,"30":2,"31":2,"32":1,"33":2},"f":{"0":5,"1":1,"2":3,"3":3,"4":0,"5":4,"6":0,"7":2,"8":0,"9":4,"10":1},"b":{"0":[1,4],"1":[4,3,2],"2":[2,1],"3":[1,0,0],"4":[4],"5":[2,2],"6":[2,1,0],"7":[1,1],"8":[1,0,0],"9":[4],"10":[2,2],"11":[2,0]},"meta":{"lastBranch":12,"lastFunction":11,"lastStatement":34,"seen":{"f:42:22:42:36":0,"s:43:19:47:Infinity":0,"b:49:2:51:Infinity:undefined:undefined:undefined:undefined":0,"s:49:2:51:Infinity":1,"s:50:4:50:Infinity":2,"s:53:20:53:Infinity":3,"f:53:48:53:55":1,"s:53:55:53:58":4,"s:54:20:54:Infinity":5,"b:54:20:54:51:54:51:54:83:54:83:54:Infinity":1,"s:55:2:55:Infinity":6,"f:63:16:63:30":2,"s:64:2:64:Infinity":7,"f:72:22:72:34":3,"s:73:19:77:Infinity":8,"b:79:2:82:Infinity:undefined:undefined:undefined:undefined":2,"s:79:2:82:Infinity":9,"s:80:17:80:Infinity":10,"s:81:4:81:Infinity":11,"s:84:20:84:Infinity":12,"f:84:48:84:55":4,"s:84:55:84:58":13,"s:85:20:85:Infinity":14,"b:85:20:85:51:85:51:85:83:85:83:85:Infinity":3,"s:86:2:86:Infinity":15,"f:96:22:96:Infinity":5,"b:99:12:99:Infinity":4,"s:101:19:105:Infinity":16,"b:107:2:109:Infinity:undefined:undefined:undefined:undefined":5,"s:107:2:109:Infinity":17,"s:108:4:108:Infinity":18,"s:111:16:111:Infinity":19,"f:111:44:111:51":6,"s:111:51:111:78":20,"s:112:2:112:Infinity":21,"b:112:18:112:33:112:33:112:50:112:50:112:73":6,"f:121:22:121:Infinity":7,"s:125:19:129:Infinity":22,"b:131:2:133:Infinity:undefined:undefined:undefined:undefined":7,"s:131:2:133:Infinity":23,"s:132:4:132:Infinity":24,"s:135:16:135:Infinity":25,"f:135:44:135:51":8,"s:135:51:135:78":26,"s:136:2:136:Infinity":27,"b:136:18:136:33:136:33:136:50:136:50:136:78":8,"f:145:22:145:Infinity":9,"b:147:13:147:Infinity":9,"s:149:19:153:Infinity":28,"b:155:2:157:Infinity:undefined:undefined:undefined:undefined":10,"s:155:2:157:Infinity":29,"s:156:4:156:Infinity":30,"s:159:16:159:Infinity":31,"f:159:44:159:51":10,"s:159:51:159:78":32,"s:160:2:160:Infinity":33,"b:160:18:160:33:160:33:160:56":11}}}
,"C:\\Users\\Administrator\\Documents\\ai\\ComfyUI\\custom_nodes\\ComfyUI_Data_Manager\\frontend\\src\\core\\constants.ts": {"path":"C:\\Users\\Administrator\\Documents\\ai\\ComfyUI\\custom_nodes\\ComfyUI_Data_Manager\\frontend\\src\\core\\constants.ts","statementMap":{"0":{"start":{"line":7,"column":29},"end":{"line":14,"column":null}},"1":{"start":{"line":18,"column":22},"end":{"line":40,"column":null}},"2":{"start":{"line":50,"column":58},"end":{"line":101,"column":null}}},"fnMap":{},"branchMap":{},"s":{"0":2,"1":2,"2":2},"f":{},"b":{},"meta":{"lastBranch":0,"lastFunction":0,"lastStatement":3,"seen":{"s:7:29:14:Infinity":0,"s:18:22:40:Infinity":1,"s:50:58:101:Infinity":2}}}
,"C:\\Users\\Administrator\\Documents\\ai\\ComfyUI\\custom_nodes\\ComfyUI_Data_Manager\\frontend\\src\\core\\state.ts": {"path":"C:\\Users\\Administrator\\Documents\\ai\\ComfyUI\\custom_nodes\\ComfyUI_Data_Manager\\frontend\\src\\core\\state.ts","statementMap":{"0":{"start":{"line":50,"column":28},"end":{"line":56,"column":null}},"1":{"start":{"line":60,"column":54},"end":{"line":70,"column":null}},"2":{"start":{"line":75,"column":2},"end":{"line":79,"column":null}},"3":{"start":{"line":76,"column":4},"end":{"line":76,"column":null}},"4":{"start":{"line":78,"column":4},"end":{"line":78,"column":null}},"5":{"start":{"line":83,"column":2},"end":{"line":89,"column":null}},"6":{"start":{"line":84,"column":18},"end":{"line":84,"column":null}},"7":{"start":{"line":85,"column":4},"end":{"line":85,"column":null}},"8":{"start":{"line":87,"column":4},"end":{"line":87,"column":null}},"9":{"start":{"line":88,"column":4},"end":{"line":88,"column":null}},"10":{"start":{"line":93,"column":2},"end":{"line":93,"column":null}},"11":{"start":{"line":97,"column":2},"end":{"line":97,"column":null}},"12":{"start":{"line":101,"column":2},"end":{"line":101,"column":null}},"13":{"start":{"line":105,"column":2},"end":{"line":105,"column":null}},"14":{"start":{"line":110,"column":46},"end":{"line":110,"column":null}},"15":{"start":{"line":111,"column":46},"end":{"line":111,"column":null}},"16":{"start":{"line":112,"column":47},"end":{"line":112,"column":null}},"17":{"start":{"line":116,"column":27},"end":{"line":116,"column":null}},"18":{"start":{"line":117,"column":30},"end":{"line":117,"column":null}},"19":{"start":{"line":120,"column":58},"end":{"line":123,"column":null}},"20":{"start":{"line":127,"column":2},"end":{"line":145,"column":null}},"21":{"start":{"line":128,"column":18},"end":{"line":128,"column":null}},"22":{"start":{"line":129,"column":4},"end":{"line":131,"column":null}},"23":{"start":{"line":130,"column":6},"end":{"line":130,"column":null}},"24":{"start":{"line":132,"column":21},"end":{"line":132,"column":null}},"25":{"start":{"line":133,"column":4},"end":{"line":135,"column":null}},"26":{"start":{"line":134,"column":6},"end":{"line":134,"column":null}},"27":{"start":{"line":137,"column":4},"end":{"line":142,"column":null}},"28":{"start":{"line":138,"column":6},"end":{"line":138,"column":null}},"29":{"start":{"line":139,"column":6},"end":{"line":139,"column":null}},"30":{"start":{"line":141,"column":6},"end":{"line":141,"column":null}},"31":{"start":{"line":144,"column":4},"end":{"line":144,"column":null}},"32":{"start":{"line":149,"column":0},"end":{"line":149,"column":null}},"33":{"start":{"line":152,"column":38},"end":{"line":152,"column":null}}},"fnMap":{"0":{"name":"saveState","decl":{"start":{"line":74,"column":16},"end":{"line":74,"column":26}},"loc":{"start":{"line":74,"column":61},"end":{"line":80,"column":null}},"line":74},"1":{"name":"loadState","decl":{"start":{"line":82,"column":16},"end":{"line":82,"column":29}},"loc":{"start":{"line":82,"column":62},"end":{"line":90,"column":null}},"line":82},"2":{"name":"saveLastPath","decl":{"start":{"line":92,"column":16},"end":{"line":92,"column":29}},"loc":{"start":{"line":92,"column":49},"end":{"line":94,"column":null}},"line":92},"3":{"name":"getLastPath","decl":{"start":{"line":96,"column":16},"end":{"line":96,"column":38}},"loc":{"start":{"line":96,"column":38},"end":{"line":98,"column":null}},"line":96},"4":{"name":"saveViewMode","decl":{"start":{"line":100,"column":16},"end":{"line":100,"column":29}},"loc":{"start":{"line":100,"column":51},"end":{"line":102,"column":null}},"line":100},"5":{"name":"getViewMode","decl":{"start":{"line":104,"column":16},"end":{"line":104,"column":40}},"loc":{"start":{"line":104,"column":40},"end":{"line":106,"column":null}},"line":104},"6":{"name":"initRemoteConnections","decl":{"start":{"line":126,"column":9},"end":{"line":126,"column":39}},"loc":{"start":{"line":126,"column":39},"end":{"line":146,"column":null}},"line":126}},"branchMap":{"0":{"loc":{"start":{"line":85,"column":11},"end":{"line":85,"column":null}},"type":"cond-expr","locations":[{"start":{"line":85,"column":20},"end":{"line":85,"column":46}},{"start":{"line":85,"column":46},"end":{"line":85,"column":null}}],"line":85},"1":{"loc":{"start":{"line":129,"column":4},"end":{"line":131,"column":null}},"type":"if","locations":[{"start":{"line":129,"column":4},"end":{"line":131,"column":null}},{"start":{},"end":{}}],"line":129},"2":{"loc":{"start":{"line":133,"column":4},"end":{"line":135,"column":null}},"type":"if","locations":[{"start":{"line":133,"column":4},"end":{"line":135,"column":null}},{"start":{},"end":{}}],"line":133},"3":{"loc":{"start":{"line":137,"column":4},"end":{"line":142,"column":null}},"type":"if","locations":[{"start":{"line":137,"column":4},"end":{"line":142,"column":null}},{"start":{"line":140,"column":11},"end":{"line":142,"column":null}}],"line":137}},"s":{"0":1,"1":1,"2":12,"3":12,"4":1,"5":15,"6":15,"7":15,"8":2,"9":2,"10":3,"11":3,"12":3,"13":4,"14":1,"15":1,"16":1,"17":1,"18":1,"19":1,"20":1,"21":1,"22":1,"23":0,"24":1,"25":1,"26":0,"27":1,"28":0,"29":0,"30":1,"31":0,"32":1,"33":1},"f":{"0":12,"1":15,"2":3,"3":3,"4":3,"5":4,"6":1},"b":{"0":[10,4],"1":[0,1],"2":[0,1],"3":[0,1]},"meta":{"lastBranch":4,"lastFunction":7,"lastStatement":34,"seen":{"s:50:28:56:Infinity":0,"s:60:54:70:Infinity":1,"f:74:16:74:26":0,"s:75:2:79:Infinity":2,"s:76:4:76:Infinity":3,"s:78:4:78:Infinity":4,"f:82:16:82:29":1,"s:83:2:89:Infinity":5,"s:84:18:84:Infinity":6,"s:85:4:85:Infinity":7,"b:85:20:85:46:85:46:85:Infinity":0,"s:87:4:87:Infinity":8,"s:88:4:88:Infinity":9,"f:92:16:92:29":2,"s:93:2:93:Infinity":10,"f:96:16:96:38":3,"s:97:2:97:Infinity":11,"f:100:16:100:29":4,"s:101:2:101:Infinity":12,"f:104:16:104:40":5,"s:105:2:105:Infinity":13,"s:110:46:110:Infinity":14,"s:111:46:111:Infinity":15,"s:112:47:112:Infinity":16,"s:116:27:116:Infinity":17,"s:117:30:117:Infinity":18,"s:120:58:123:Infinity":19,"f:126:9:126:39":6,"s:127:2:145:Infinity":20,"s:128:18:128:Infinity":21,"b:129:4:131:Infinity:undefined:undefined:undefined:undefined":1,"s:129:4:131:Infinity":22,"s:130:6:130:Infinity":23,"s:132:21:132:Infinity":24,"b:133:4:135:Infinity:undefined:undefined:undefined:undefined":2,"s:133:4:135:Infinity":25,"s:134:6:134:Infinity":26,"b:137:4:142:Infinity:140:11:142:Infinity":3,"s:137:4:142:Infinity":27,"s:138:6:138:Infinity":28,"s:139:6:139:Infinity":29,"s:141:6:141:Infinity":30,"s:144:4:144:Infinity":31,"s:149:0:149:Infinity":32,"s:152:38:152:Infinity":33}}}
,"C:\\Users\\Administrator\\Documents\\ai\\ComfyUI\\custom_nodes\\ComfyUI_Data_Manager\\frontend\\src\\ui\\components\\format-selector.ts": {"path":"C:\\Users\\Administrator\\Documents\\ai\\ComfyUI\\custom_nodes\\ComfyUI_Data_Manager\\frontend\\src\\ui\\components\\format-selector.ts","statementMap":{"0":{"start":{"line":10,"column":101},"end":{"line":24,"column":null}},"1":{"start":{"line":29,"column":54},"end":{"line":37,"column":null}},"2":{"start":{"line":56,"column":18},"end":{"line":56,"column":null}},"3":{"start":{"line":57,"column":2},"end":{"line":57,"column":null}},"4":{"start":{"line":66,"column":41},"end":{"line":73,"column":null}},"5":{"start":{"line":74,"column":2},"end":{"line":74,"column":null}},"6":{"start":{"line":83,"column":40},"end":{"line":90,"column":null}},"7":{"start":{"line":91,"column":2},"end":{"line":91,"column":null}},"8":{"start":{"line":106,"column":6},"end":{"line":106,"column":null}},"9":{"start":{"line":108,"column":8},"end":{"line":108,"column":null}},"10":{"start":{"line":110,"column":20},"end":{"line":110,"column":null}},"11":{"start":{"line":111,"column":2},"end":{"line":111,"column":null}},"12":{"start":{"line":112,"column":2},"end":{"line":119,"column":null}},"13":{"start":{"line":123,"column":2},"end":{"line":144,"column":null}},"14":{"start":{"line":124,"column":26},"end":{"line":124,"column":null}},"15":{"start":{"line":125,"column":4},"end":{"line":125,"column":null}},"16":{"start":{"line":126,"column":22},"end":{"line":126,"column":null}},"17":{"start":{"line":127,"column":4},"end":{"line":136,"column":null}},"18":{"start":{"line":138,"column":4},"end":{"line":141,"column":null}},"19":{"start":{"line":143,"column":4},"end":{"line":143,"column":null}},"20":{"start":{"line":147,"column":24},"end":{"line":147,"column":null}},"21":{"start":{"line":148,"column":2},"end":{"line":148,"column":null}},"22":{"start":{"line":154,"column":16},"end":{"line":154,"column":null}},"23":{"start":{"line":155,"column":2},"end":{"line":157,"column":null}},"24":{"start":{"line":160,"column":2},"end":{"line":160,"column":null}},"25":{"start":{"line":161,"column":2},"end":{"line":161,"column":null}},"26":{"start":{"line":163,"column":18},"end":{"line":163,"column":null}},"27":{"start":{"line":164,"column":24},"end":{"line":164,"column":null}},"28":{"start":{"line":166,"column":2},"end":{"line":244,"column":null}},"29":{"start":{"line":168,"column":19},"end":{"line":168,"column":null}},"30":{"start":{"line":169,"column":4},"end":{"line":169,"column":null}},"31":{"start":{"line":170,"column":4},"end":{"line":170,"column":null}},"32":{"start":{"line":171,"column":4},"end":{"line":177,"column":null}},"33":{"start":{"line":181,"column":4},"end":{"line":187,"column":null}},"34":{"start":{"line":182,"column":21},"end":{"line":182,"column":null}},"35":{"start":{"line":183,"column":6},"end":{"line":183,"column":null}},"36":{"start":{"line":184,"column":6},"end":{"line":184,"column":null}},"37":{"start":{"line":185,"column":6},"end":{"line":185,"column":null}},"38":{"start":{"line":185,"column":33},"end":{"line":185,"column":null}},"39":{"start":{"line":186,"column":6},"end":{"line":186,"column":null}},"40":{"start":{"line":188,"column":4},"end":{"line":193,"column":null}},"41":{"start":{"line":189,"column":6},"end":{"line":191,"column":null}},"42":{"start":{"line":190,"column":8},"end":{"line":190,"column":null}},"43":{"start":{"line":192,"column":6},"end":{"line":192,"column":null}},"44":{"start":{"line":194,"column":4},"end":{"line":194,"column":null}},"45":{"start":{"line":197,"column":24},"end":{"line":197,"column":null}},"46":{"start":{"line":198,"column":4},"end":{"line":198,"column":null}},"47":{"start":{"line":203,"column":4},"end":{"line":203,"column":null}},"48":{"start":{"line":205,"column":4},"end":{"line":242,"column":null}},"49":{"start":{"line":206,"column":18},"end":{"line":206,"column":null}},"50":{"start":{"line":207,"column":6},"end":{"line":207,"column":null}},"51":{"start":{"line":208,"column":6},"end":{"line":208,"column":null}},"52":{"start":{"line":209,"column":25},"end":{"line":209,"column":null}},"53":{"start":{"line":210,"column":6},"end":{"line":217,"column":null}},"54":{"start":{"line":221,"column":6},"end":{"line":221,"column":null}},"55":{"start":{"line":222,"column":6},"end":{"line":240,"column":null}},"56":{"start":{"line":224,"column":8},"end":{"line":230,"column":null}},"57":{"start":{"line":225,"column":24},"end":{"line":225,"column":null}},"58":{"start":{"line":226,"column":10},"end":{"line":226,"column":null}},"59":{"start":{"line":227,"column":10},"end":{"line":227,"column":null}},"60":{"start":{"line":228,"column":10},"end":{"line":228,"column":null}},"61":{"start":{"line":229,"column":10},"end":{"line":229,"column":null}},"62":{"start":{"line":232,"column":8},"end":{"line":232,"column":null}},"63":{"start":{"line":233,"column":8},"end":{"line":233,"column":null}},"64":{"start":{"line":234,"column":8},"end":{"line":234,"column":null}},"65":{"start":{"line":235,"column":8},"end":{"line":235,"column":null}},"66":{"start":{"line":236,"column":8},"end":{"line":238,"column":null}},"67":{"start":{"line":237,"column":10},"end":{"line":237,"column":null}},"68":{"start":{"line":239,"column":8},"end":{"line":239,"column":null}},"69":{"start":{"line":241,"column":6},"end":{"line":241,"column":null}},"70":{"start":{"line":243,"column":4},"end":{"line":243,"column":null}},"71":{"start":{"line":246,"column":2},"end":{"line":246,"column":null}},"72":{"start":{"line":249,"column":22},"end":{"line":249,"column":null}},"73":{"start":{"line":250,"column":2},"end":{"line":250,"column":null}},"74":{"start":{"line":251,"column":2},"end":{"line":255,"column":null}},"75":{"start":{"line":258,"column":2},"end":{"line":258,"column":null}},"76":{"start":{"line":259,"column":2},"end":{"line":259,"column":null}},"77":{"start":{"line":262,"column":2},"end":{"line":262,"column":null}},"78":{"start":{"line":264,"column":2},"end":{"line":264,"column":null}},"79":{"start":{"line":272,"column":24},"end":{"line":272,"column":null}},"80":{"start":{"line":273,"column":2},"end":{"line":275,"column":null}},"81":{"start":{"line":274,"column":5},"end":{"line":274,"column":null}}},"fnMap":{"0":{"name":"getFormatsForType","decl":{"start":{"line":55,"column":9},"end":{"line":55,"column":27}},"loc":{"start":{"line":55,"column":51},"end":{"line":58,"column":null}},"line":55},"1":{"name":"getTypeColor","decl":{"start":{"line":65,"column":9},"end":{"line":65,"column":22}},"loc":{"start":{"line":65,"column":44},"end":{"line":75,"column":null}},"line":65},"2":{"name":"getTypeIcon","decl":{"start":{"line":82,"column":9},"end":{"line":82,"column":21}},"loc":{"start":{"line":82,"column":43},"end":{"line":92,"column":null}},"line":82},"3":{"name":"createFormatSelector","decl":{"start":{"line":99,"column":16},"end":{"line":99,"column":37}},"loc":{"start":{"line":99,"column":87},"end":{"line":265,"column":null}},"line":99},"4":{"name":"(anonymous_4)","decl":{"start":{"line":181,"column":20},"end":{"line":181,"column":27}},"loc":{"start":{"line":181,"column":27},"end":{"line":187,"column":5}},"line":181},"5":{"name":"(anonymous_5)","decl":{"start":{"line":188,"column":22},"end":{"line":188,"column":23}},"loc":{"start":{"line":188,"column":29},"end":{"line":193,"column":null}},"line":188},"6":{"name":"(anonymous_6)","decl":{"start":{"line":205,"column":20},"end":{"line":205,"column":27}},"loc":{"start":{"line":205,"column":27},"end":{"line":242,"column":5}},"line":205},"7":{"name":"(anonymous_7)","decl":{"start":{"line":222,"column":20},"end":{"line":222,"column":26}},"loc":{"start":{"line":222,"column":26},"end":{"line":240,"column":null}},"line":222},"8":{"name":"(anonymous_8)","decl":{"start":{"line":224,"column":63},"end":{"line":224,"column":68}},"loc":{"start":{"line":224,"column":68},"end":{"line":230,"column":9}},"line":224},"9":{"name":"updateFormatDescription","decl":{"start":{"line":271,"column":9},"end":{"line":271,"column":33}},"loc":{"start":{"line":271,"column":55},"end":{"line":276,"column":null}},"line":271}},"branchMap":{"0":{"loc":{"start":{"line":57,"column":9},"end":{"line":57,"column":null}},"type":"binary-expr","locations":[{"start":{"line":57,"column":9},"end":{"line":57,"column":34}},{"start":{"line":57,"column":34},"end":{"line":57,"column":null}}],"line":57},"1":{"loc":{"start":{"line":74,"column":9},"end":{"line":74,"column":null}},"type":"binary-expr","locations":[{"start":{"line":74,"column":9},"end":{"line":74,"column":25}},{"start":{"line":74,"column":25},"end":{"line":74,"column":null}}],"line":74},"2":{"loc":{"start":{"line":91,"column":9},"end":{"line":91,"column":null}},"type":"binary-expr","locations":[{"start":{"line":91,"column":9},"end":{"line":91,"column":24}},{"start":{"line":91,"column":24},"end":{"line":91,"column":null}}],"line":91},"3":{"loc":{"start":{"line":99,"column":37},"end":{"line":99,"column":87}},"type":"default-arg","locations":[{"start":{"line":99,"column":70},"end":{"line":99,"column":87}}],"line":99},"4":{"loc":{"start":{"line":101,"column":4},"end":{"line":101,"column":null}},"type":"default-arg","locations":[{"start":{"line":101,"column":19},"end":{"line":101,"column":null}}],"line":101},"5":{"loc":{"start":{"line":102,"column":4},"end":{"line":102,"column":null}},"type":"default-arg","locations":[{"start":{"line":102,"column":21},"end":{"line":102,"column":null}}],"line":102},"6":{"loc":{"start":{"line":103,"column":4},"end":{"line":103,"column":null}},"type":"default-arg","locations":[{"start":{"line":103,"column":21},"end":{"line":103,"column":null}}],"line":103},"7":{"loc":{"start":{"line":104,"column":4},"end":{"line":104,"column":null}},"type":"default-arg","locations":[{"start":{"line":104,"column":24},"end":{"line":104,"column":null}}],"line":104},"8":{"loc":{"start":{"line":105,"column":4},"end":{"line":105,"column":null}},"type":"default-arg","locations":[{"start":{"line":105,"column":14},"end":{"line":105,"column":null}}],"line":105},"9":{"loc":{"start":{"line":123,"column":2},"end":{"line":144,"column":null}},"type":"if","locations":[{"start":{"line":123,"column":2},"end":{"line":144,"column":null}},{"start":{},"end":{}}],"line":123},"10":{"loc":{"start":{"line":123,"column":6},"end":{"line":123,"column":41}},"type":"binary-expr","locations":[{"start":{"line":123,"column":6},"end":{"line":123,"column":27}},{"start":{"line":123,"column":27},"end":{"line":123,"column":41}}],"line":123},"11":{"loc":{"start":{"line":163,"column":18},"end":{"line":163,"column":null}},"type":"cond-expr","locations":[{"start":{"line":163,"column":33},"end":{"line":163,"column":67}},{"start":{"line":163,"column":67},"end":{"line":163,"column":null}}],"line":163},"12":{"loc":{"start":{"line":164,"column":24},"end":{"line":164,"column":null}},"type":"binary-expr","locations":[{"start":{"line":164,"column":24},"end":{"line":164,"column":43}},{"start":{"line":164,"column":43},"end":{"line":164,"column":null}}],"line":164},"13":{"loc":{"start":{"line":164,"column":43},"end":{"line":164,"column":null}},"type":"cond-expr","locations":[{"start":{"line":164,"column":58},"end":{"line":164,"column":71}},{"start":{"line":164,"column":71},"end":{"line":164,"column":null}}],"line":164},"14":{"loc":{"start":{"line":166,"column":2},"end":{"line":244,"column":null}},"type":"if","locations":[{"start":{"line":166,"column":2},"end":{"line":244,"column":null}},{"start":{"line":195,"column":9},"end":{"line":244,"column":null}}],"line":166},"15":{"loc":{"start":{"line":185,"column":6},"end":{"line":185,"column":null}},"type":"if","locations":[{"start":{"line":185,"column":6},"end":{"line":185,"column":null}},{"start":{},"end":{}}],"line":185},"16":{"loc":{"start":{"line":189,"column":6},"end":{"line":191,"column":null}},"type":"if","locations":[{"start":{"line":189,"column":6},"end":{"line":191,"column":null}},{"start":{},"end":{}}],"line":189},"17":{"loc":{"start":{"line":212,"column":22},"end":{"line":212,"column":70}},"type":"cond-expr","locations":[{"start":{"line":212,"column":35},"end":{"line":212,"column":54}},{"start":{"line":212,"column":54},"end":{"line":212,"column":70}}],"line":212},"18":{"loc":{"start":{"line":213,"column":28},"end":{"line":213,"column":78}},"type":"cond-expr","locations":[{"start":{"line":213,"column":41},"end":{"line":213,"column":61}},{"start":{"line":213,"column":61},"end":{"line":213,"column":78}}],"line":213},"19":{"loc":{"start":{"line":215,"column":17},"end":{"line":215,"column":67}},"type":"cond-expr","locations":[{"start":{"line":215,"column":30},"end":{"line":215,"column":50}},{"start":{"line":215,"column":50},"end":{"line":215,"column":67}}],"line":215},"20":{"loc":{"start":{"line":217,"column":23},"end":{"line":217,"column":49}},"type":"cond-expr","locations":[{"start":{"line":217,"column":36},"end":{"line":217,"column":44}},{"start":{"line":217,"column":44},"end":{"line":217,"column":49}}],"line":217},"21":{"loc":{"start":{"line":236,"column":8},"end":{"line":238,"column":null}},"type":"if","locations":[{"start":{"line":236,"column":8},"end":{"line":238,"column":null}},{"start":{},"end":{}}],"line":236},"22":{"loc":{"start":{"line":258,"column":28},"end":{"line":258,"column":null}},"type":"binary-expr","locations":[{"start":{"line":258,"column":28},"end":{"line":258,"column":75}},{"start":{"line":258,"column":75},"end":{"line":258,"column":null}}],"line":258},"23":{"loc":{"start":{"line":273,"column":2},"end":{"line":275,"column":null}},"type":"if","locations":[{"start":{"line":273,"column":2},"end":{"line":275,"column":null}},{"start":{},"end":{}}],"line":273},"24":{"loc":{"start":{"line":274,"column":49},"end":{"line":274,"column":null}},"type":"binary-expr","locations":[{"start":{"line":274,"column":49},"end":{"line":274,"column":89}},{"start":{"line":274,"column":89},"end":{"line":274,"column":null}}],"line":274}},"s":{"0":1,"1":1,"2":6,"3":6,"4":6,"5":6,"6":6,"7":6,"8":10,"9":10,"10":10,"11":10,"12":10,"13":10,"14":6,"15":6,"16":6,"17":6,"18":6,"19":6,"20":10,"21":10,"22":10,"23":10,"24":10,"25":10,"26":10,"27":10,"28":10,"29":1,"30":1,"31":1,"32":1,"33":1,"34":3,"35":3,"36":3,"37":3,"38":1,"39":3,"40":1,"41":0,"42":0,"43":0,"44":1,"45":9,"46":9,"47":9,"48":9,"49":65,"50":65,"51":65,"52":65,"53":65,"54":65,"55":65,"56":1,"57":3,"58":3,"59":3,"60":3,"61":3,"62":1,"63":1,"64":1,"65":1,"66":1,"67":1,"68":1,"69":65,"70":9,"71":10,"72":10,"73":10,"74":10,"75":10,"76":10,"77":10,"78":10,"79":11,"80":11,"81":0},"f":{"0":6,"1":6,"2":6,"3":10,"4":3,"5":0,"6":65,"7":1,"8":3,"9":11},"b":{"0":[6,1],"1":[6,1],"2":[6,1],"3":[10],"4":[10],"5":[10],"6":[10],"7":[10],"8":[10],"9":[6,4],"10":[10,10],"11":[6,4],"12":[10,8],"13":[4,4],"14":[1,9],"15":[1,2],"16":[0,0],"17":[9,56],"18":[9,56],"19":[9,56],"20":[9,56],"21":[1,0],"22":[10,0],"23":[0,11],"24":[0,0]},"meta":{"lastBranch":25,"lastFunction":10,"lastStatement":82,"seen":{"s:10:101:24:Infinity":0,"s:29:54:37:Infinity":1,"f:55:9:55:27":0,"s:56:18:56:Infinity":2,"s:57:2:57:Infinity":3,"b:57:9:57:34:57:34:57:Infinity":0,"f:65:9:65:22":1,"s:66:41:73:Infinity":4,"s:74:2:74:Infinity":5,"b:74:9:74:25:74:25:74:Infinity":1,"f:82:9:82:21":2,"s:83:40:90:Infinity":6,"s:91:2:91:Infinity":7,"b:91:9:91:24:91:24:91:Infinity":2,"f:99:16:99:37":3,"b:99:70:99:87":3,"s:106:6:106:Infinity":8,"b:101:19:101:Infinity":4,"b:102:21:102:Infinity":5,"b:103:21:103:Infinity":6,"b:104:24:104:Infinity":7,"b:105:14:105:Infinity":8,"s:108:8:108:Infinity":9,"s:110:20:110:Infinity":10,"s:111:2:111:Infinity":11,"s:112:2:119:Infinity":12,"b:123:2:144:Infinity:undefined:undefined:undefined:undefined":9,"s:123:2:144:Infinity":13,"b:123:6:123:27:123:27:123:41":10,"s:124:26:124:Infinity":14,"s:125:4:125:Infinity":15,"s:126:22:126:Infinity":16,"s:127:4:136:Infinity":17,"s:138:4:141:Infinity":18,"s:143:4:143:Infinity":19,"s:147:24:147:Infinity":20,"s:148:2:148:Infinity":21,"s:154:16:154:Infinity":22,"s:155:2:157:Infinity":23,"s:160:2:160:Infinity":24,"s:161:2:161:Infinity":25,"s:163:18:163:Infinity":26,"b:163:33:163:67:163:67:163:Infinity":11,"s:164:24:164:Infinity":27,"b:164:24:164:43:164:43:164:Infinity":12,"b:164:58:164:71:164:71:164:Infinity":13,"b:166:2:244:Infinity:195:9:244:Infinity":14,"s:166:2:244:Infinity":28,"s:168:19:168:Infinity":29,"s:169:4:169:Infinity":30,"s:170:4:170:Infinity":31,"s:171:4:177:Infinity":32,"s:181:4:187:Infinity":33,"f:181:20:181:27":4,"s:182:21:182:Infinity":34,"s:183:6:183:Infinity":35,"s:184:6:184:Infinity":36,"b:185:6:185:Infinity:undefined:undefined:undefined:undefined":15,"s:185:6:185:Infinity":37,"s:185:33:185:Infinity":38,"s:186:6:186:Infinity":39,"s:188:4:193:Infinity":40,"f:188:22:188:23":5,"b:189:6:191:Infinity:undefined:undefined:undefined:undefined":16,"s:189:6:191:Infinity":41,"s:190:8:190:Infinity":42,"s:192:6:192:Infinity":43,"s:194:4:194:Infinity":44,"s:197:24:197:Infinity":45,"s:198:4:198:Infinity":46,"s:203:4:203:Infinity":47,"s:205:4:242:Infinity":48,"f:205:20:205:27":6,"s:206:18:206:Infinity":49,"s:207:6:207:Infinity":50,"s:208:6:208:Infinity":51,"s:209:25:209:Infinity":52,"s:210:6:217:Infinity":53,"b:212:35:212:54:212:54:212:70":17,"b:213:41:213:61:213:61:213:78":18,"b:215:30:215:50:215:50:215:67":19,"b:217:36:217:44:217:44:217:49":20,"s:221:6:221:Infinity":54,"s:222:6:240:Infinity":55,"f:222:20:222:26":7,"s:224:8:230:Infinity":56,"f:224:63:224:68":8,"s:225:24:225:Infinity":57,"s:226:10:226:Infinity":58,"s:227:10:227:Infinity":59,"s:228:10:228:Infinity":60,"s:229:10:229:Infinity":61,"s:232:8:232:Infinity":62,"s:233:8:233:Infinity":63,"s:234:8:234:Infinity":64,"s:235:8:235:Infinity":65,"b:236:8:238:Infinity:undefined:undefined:undefined:undefined":21,"s:236:8:238:Infinity":66,"s:237:10:237:Infinity":67,"s:239:8:239:Infinity":68,"s:241:6:241:Infinity":69,"s:243:4:243:Infinity":70,"s:246:2:246:Infinity":71,"s:249:22:249:Infinity":72,"s:250:2:250:Infinity":73,"s:251:2:255:Infinity":74,"s:258:2:258:Infinity":75,"b:258:28:258:75:258:75:258:Infinity":22,"s:259:2:259:Infinity":76,"s:262:2:262:Infinity":77,"s:264:2:264:Infinity":78,"f:271:9:271:33":9,"s:272:24:272:Infinity":79,"b:273:2:275:Infinity:undefined:undefined:undefined:undefined":23,"s:273:2:275:Infinity":80,"s:274:5:274:Infinity":81,"b:274:49:274:89:274:89:274:Infinity":24}}}
,"C:\\Users\\Administrator\\Documents\\ai\\ComfyUI\\custom_nodes\\ComfyUI_Data_Manager\\frontend\\src\\ui\\components\\preview.ts": {"path":"C:\\Users\\Administrator\\Documents\\ai\\ComfyUI\\custom_nodes\\ComfyUI_Data_Manager\\frontend\\src\\ui\\components\\preview.ts","statementMap":{"0":{"start":{"line":10,"column":30},"end":{"line":10,"column":null}},"1":{"start":{"line":25,"column":2},"end":{"line":48,"column":null}},"2":{"start":{"line":26,"column":17},"end":{"line":26,"column":null}},"3":{"start":{"line":27,"column":18},"end":{"line":27,"column":null}},"4":{"start":{"line":28,"column":33},"end":{"line":28,"column":null}},"5":{"start":{"line":28,"column":63},"end":{"line":28,"column":125}},"6":{"start":{"line":30,"column":4},"end":{"line":32,"column":null}},"7":{"start":{"line":31,"column":6},"end":{"line":31,"column":null}},"8":{"start":{"line":34,"column":17},"end":{"line":34,"column":null}},"9":{"start":{"line":35,"column":19},"end":{"line":35,"column":null}},"10":{"start":{"line":36,"column":22},"end":{"line":36,"column":null}},"11":{"start":{"line":36,"column":60},"end":{"line":36,"column":83}},"12":{"start":{"line":38,"column":4},"end":{"line":45,"column":null}},"13":{"start":{"line":39,"column":27},"end":{"line":39,"column":null}},"14":{"start":{"line":40,"column":25},"end":{"line":40,"column":null}},"15":{"start":{"line":41,"column":6},"end":{"line":44,"column":null}},"16":{"start":{"line":42,"column":29},"end":{"line":42,"column":null}},"17":{"start":{"line":43,"column":8},"end":{"line":43,"column":null}},"18":{"start":{"line":47,"column":4},"end":{"line":47,"column":null}},"19":{"start":{"line":57,"column":19},"end":{"line":57,"column":null}},"20":{"start":{"line":60,"column":46},"end":{"line":67,"column":null}},"21":{"start":{"line":70,"column":2},"end":{"line":81,"column":null}},"22":{"start":{"line":71,"column":4},"end":{"line":80,"column":null}},"23":{"start":{"line":72,"column":6},"end":{"line":72,"column":null}},"24":{"start":{"line":72,"column":35},"end":{"line":72,"column":null}},"25":{"start":{"line":73,"column":6},"end":{"line":73,"column":null}},"26":{"start":{"line":73,"column":36},"end":{"line":73,"column":null}},"27":{"start":{"line":74,"column":6},"end":{"line":74,"column":null}},"28":{"start":{"line":74,"column":34},"end":{"line":74,"column":null}},"29":{"start":{"line":75,"column":6},"end":{"line":75,"column":null}},"30":{"start":{"line":75,"column":35},"end":{"line":75,"column":null}},"31":{"start":{"line":76,"column":6},"end":{"line":76,"column":null}},"32":{"start":{"line":76,"column":35},"end":{"line":76,"column":null}},"33":{"start":{"line":77,"column":6},"end":{"line":77,"column":null}},"34":{"start":{"line":77,"column":35},"end":{"line":77,"column":null}},"35":{"start":{"line":78,"column":6},"end":{"line":78,"column":null}},"36":{"start":{"line":78,"column":33},"end":{"line":78,"column":null}},"37":{"start":{"line":79,"column":6},"end":{"line":79,"column":null}},"38":{"start":{"line":79,"column":34},"end":{"line":79,"column":null}},"39":{"start":{"line":84,"column":2},"end":{"line":88,"column":null}},"40":{"start":{"line":85,"column":4},"end":{"line":87,"column":null}},"41":{"start":{"line":86,"column":6},"end":{"line":86,"column":null}},"42":{"start":{"line":90,"column":2},"end":{"line":90,"column":null}},"43":{"start":{"line":99,"column":51},"end":{"line":99,"column":null}},"44":{"start":{"line":100,"column":8},"end":{"line":100,"column":null}},"45":{"start":{"line":102,"column":16},"end":{"line":102,"column":null}},"46":{"start":{"line":103,"column":2},"end":{"line":103,"column":null}},"47":{"start":{"line":104,"column":2},"end":{"line":104,"column":null}},"48":{"start":{"line":111,"column":17},"end":{"line":111,"column":null}},"49":{"start":{"line":112,"column":2},"end":{"line":112,"column":null}},"50":{"start":{"line":113,"column":2},"end":{"line":115,"column":null}},"51":{"start":{"line":121,"column":2},"end":{"line":121,"column":null}},"52":{"start":{"line":137,"column":2},"end":{"line":137,"column":null}},"53":{"start":{"line":139,"column":18},"end":{"line":139,"column":null}},"54":{"start":{"line":140,"column":2},"end":{"line":140,"column":null}},"55":{"start":{"line":141,"column":2},"end":{"line":141,"column":null}},"56":{"start":{"line":149,"column":2},"end":{"line":150,"column":null}},"57":{"start":{"line":155,"column":2},"end":{"line":155,"column":null}},"58":{"start":{"line":158,"column":24},"end":{"line":158,"column":null}},"59":{"start":{"line":159,"column":2},"end":{"line":159,"column":null}},"60":{"start":{"line":160,"column":2},"end":{"line":163,"column":null}},"61":{"start":{"line":166,"column":2},"end":{"line":167,"column":null}},"62":{"start":{"line":172,"column":2},"end":{"line":172,"column":null}},"63":{"start":{"line":175,"column":22},"end":{"line":175,"column":null}},"64":{"start":{"line":176,"column":2},"end":{"line":176,"column":null}},"65":{"start":{"line":177,"column":2},"end":{"line":182,"column":null}},"66":{"start":{"line":184,"column":2},"end":{"line":184,"column":null}},"67":{"start":{"line":185,"column":2},"end":{"line":185,"column":null}},"68":{"start":{"line":188,"column":22},"end":{"line":188,"column":null}},"69":{"start":{"line":189,"column":22},"end":{"line":189,"column":null}},"70":{"start":{"line":190,"column":20},"end":{"line":190,"column":null}},"71":{"start":{"line":192,"column":2},"end":{"line":194,"column":null}},"72":{"start":{"line":193,"column":4},"end":{"line":193,"column":null}},"73":{"start":{"line":195,"column":2},"end":{"line":197,"column":null}},"74":{"start":{"line":196,"column":4},"end":{"line":196,"column":null}},"75":{"start":{"line":198,"column":2},"end":{"line":200,"column":null}},"76":{"start":{"line":199,"column":4},"end":{"line":199,"column":null}},"77":{"start":{"line":202,"column":2},"end":{"line":202,"column":null}},"78":{"start":{"line":212,"column":24},"end":{"line":212,"column":null}},"79":{"start":{"line":213,"column":2},"end":{"line":213,"column":null}},"80":{"start":{"line":213,"column":22},"end":{"line":213,"column":null}},"81":{"start":{"line":215,"column":2},"end":{"line":215,"column":null}},"82":{"start":{"line":217,"column":2},"end":{"line":220,"column":null}},"83":{"start":{"line":218,"column":4},"end":{"line":218,"column":null}},"84":{"start":{"line":219,"column":4},"end":{"line":219,"column":null}},"85":{"start":{"line":222,"column":2},"end":{"line":222,"column":null}},"86":{"start":{"line":224,"column":8},"end":{"line":229,"column":null}},"87":{"start":{"line":231,"column":2},"end":{"line":231,"column":null}},"88":{"start":{"line":238,"column":24},"end":{"line":238,"column":null}},"89":{"start":{"line":239,"column":2},"end":{"line":241,"column":null}},"90":{"start":{"line":240,"column":4},"end":{"line":240,"column":null}},"91":{"start":{"line":249,"column":8},"end":{"line":249,"column":null}},"92":{"start":{"line":251,"column":21},"end":{"line":251,"column":null}},"93":{"start":{"line":252,"column":2},"end":{"line":252,"column":null}},"94":{"start":{"line":253,"column":2},"end":{"line":253,"column":null}},"95":{"start":{"line":259,"column":15},"end":{"line":259,"column":null}},"96":{"start":{"line":260,"column":2},"end":{"line":260,"column":null}},"97":{"start":{"line":261,"column":2},"end":{"line":261,"column":null}},"98":{"start":{"line":262,"column":2},"end":{"line":267,"column":null}},"99":{"start":{"line":278,"column":14},"end":{"line":278,"column":null}},"100":{"start":{"line":279,"column":2},"end":{"line":279,"column":null}},"101":{"start":{"line":280,"column":2},"end":{"line":285,"column":null}},"102":{"start":{"line":290,"column":2},"end":{"line":294,"column":null}},"103":{"start":{"line":298,"column":2},"end":{"line":298,"column":null}},"104":{"start":{"line":299,"column":2},"end":{"line":299,"column":null}},"105":{"start":{"line":302,"column":2},"end":{"line":315,"column":null}},"106":{"start":{"line":303,"column":10},"end":{"line":303,"column":null}},"107":{"start":{"line":304,"column":22},"end":{"line":304,"column":null}},"108":{"start":{"line":305,"column":23},"end":{"line":305,"column":null}},"109":{"start":{"line":306,"column":19},"end":{"line":306,"column":null}},"110":{"start":{"line":307,"column":19},"end":{"line":307,"column":null}},"111":{"start":{"line":308,"column":4},"end":{"line":310,"column":null}},"112":{"start":{"line":309,"column":7},"end":{"line":309,"column":null}},"113":{"start":{"line":311,"column":4},"end":{"line":314,"column":null}},"114":{"start":{"line":312,"column":19},"end":{"line":312,"column":null}},"115":{"start":{"line":313,"column":6},"end":{"line":313,"column":null}},"116":{"start":{"line":317,"column":2},"end":{"line":317,"column":null}}},"fnMap":{"0":{"name":"checkNodeConnectionAndUpdateFormat","decl":{"start":{"line":24,"column":16},"end":{"line":24,"column":59}},"loc":{"start":{"line":24,"column":59},"end":{"line":49,"column":null}},"line":24},"1":{"name":"(anonymous_1)","decl":{"start":{"line":28,"column":46},"end":{"line":28,"column":47}},"loc":{"start":{"line":28,"column":63},"end":{"line":28,"column":125}},"line":28},"2":{"name":"(anonymous_2)","decl":{"start":{"line":36,"column":34},"end":{"line":36,"column":35}},"loc":{"start":{"line":36,"column":60},"end":{"line":36,"column":83}},"line":36},"3":{"name":"detectTypeFromSourceNode","decl":{"start":{"line":56,"column":9},"end":{"line":56,"column":34}},"loc":{"start":{"line":56,"column":124},"end":{"line":91,"column":null}},"line":56},"4":{"name":"createPreviewPanel","decl":{"start":{"line":98,"column":16},"end":{"line":98,"column":35}},"loc":{"start":{"line":98,"column":82},"end":{"line":203,"column":null}},"line":98},"5":{"name":"updateFormatSelector","decl":{"start":{"line":211,"column":16},"end":{"line":211,"column":37}},"loc":{"start":{"line":211,"column":167},"end":{"line":232,"column":null}},"line":211},"6":{"name":"hideFormatSelector","decl":{"start":{"line":237,"column":16},"end":{"line":237,"column":43}},"loc":{"start":{"line":237,"column":43},"end":{"line":242,"column":null}},"line":237},"7":{"name":"createStatusBar","decl":{"start":{"line":248,"column":16},"end":{"line":248,"column":47}},"loc":{"start":{"line":248,"column":47},"end":{"line":318,"column":null}},"line":248},"8":{"name":"(anonymous_8)","decl":{"start":{"line":302,"column":13},"end":{"line":302,"column":19}},"loc":{"start":{"line":302,"column":19},"end":{"line":315,"column":5}},"line":302}},"branchMap":{"0":{"loc":{"start":{"line":27,"column":18},"end":{"line":27,"column":null}},"type":"binary-expr","locations":[{"start":{"line":27,"column":18},"end":{"line":27,"column":40}},{"start":{"line":27,"column":40},"end":{"line":27,"column":null}}],"line":27},"1":{"loc":{"start":{"line":30,"column":4},"end":{"line":32,"column":null}},"type":"if","locations":[{"start":{"line":30,"column":4},"end":{"line":32,"column":null}},{"start":{},"end":{}}],"line":30},"2":{"loc":{"start":{"line":35,"column":19},"end":{"line":35,"column":null}},"type":"binary-expr","locations":[{"start":{"line":35,"column":19},"end":{"line":35,"column":34}},{"start":{"line":35,"column":34},"end":{"line":35,"column":null}}],"line":35},"3":{"loc":{"start":{"line":38,"column":4},"end":{"line":45,"column":null}},"type":"if","locations":[{"start":{"line":38,"column":4},"end":{"line":45,"column":null}},{"start":{},"end":{}}],"line":38},"4":{"loc":{"start":{"line":38,"column":8},"end":{"line":38,"column":37}},"type":"binary-expr","locations":[{"start":{"line":38,"column":8},"end":{"line":38,"column":21}},{"start":{"line":38,"column":21},"end":{"line":38,"column":37}}],"line":38},"5":{"loc":{"start":{"line":40,"column":25},"end":{"line":40,"column":null}},"type":"cond-expr","locations":[{"start":{"line":40,"column":54},"end":{"line":40,"column":96}},{"start":{"line":40,"column":96},"end":{"line":40,"column":null}}],"line":40},"6":{"loc":{"start":{"line":41,"column":6},"end":{"line":44,"column":null}},"type":"if","locations":[{"start":{"line":41,"column":6},"end":{"line":44,"column":null}},{"start":{},"end":{}}],"line":41},"7":{"loc":{"start":{"line":57,"column":19},"end":{"line":57,"column":null}},"type":"binary-expr","locations":[{"start":{"line":57,"column":19},"end":{"line":57,"column":32}},{"start":{"line":57,"column":32},"end":{"line":57,"column":51}},{"start":{"line":57,"column":51},"end":{"line":57,"column":null}}],"line":57},"8":{"loc":{"start":{"line":70,"column":2},"end":{"line":81,"column":null}},"type":"if","locations":[{"start":{"line":70,"column":2},"end":{"line":81,"column":null}},{"start":{},"end":{}}],"line":70},"9":{"loc":{"start":{"line":70,"column":6},"end":{"line":70,"column":47}},"type":"binary-expr","locations":[{"start":{"line":70,"column":6},"end":{"line":70,"column":22}},{"start":{"line":70,"column":22},"end":{"line":70,"column":47}}],"line":70},"10":{"loc":{"start":{"line":72,"column":6},"end":{"line":72,"column":null}},"type":"if","locations":[{"start":{"line":72,"column":6},"end":{"line":72,"column":null}},{"start":{},"end":{}}],"line":72},"11":{"loc":{"start":{"line":73,"column":6},"end":{"line":73,"column":null}},"type":"if","locations":[{"start":{"line":73,"column":6},"end":{"line":73,"column":null}},{"start":{},"end":{}}],"line":73},"12":{"loc":{"start":{"line":74,"column":6},"end":{"line":74,"column":null}},"type":"if","locations":[{"start":{"line":74,"column":6},"end":{"line":74,"column":null}},{"start":{},"end":{}}],"line":74},"13":{"loc":{"start":{"line":75,"column":6},"end":{"line":75,"column":null}},"type":"if","locations":[{"start":{"line":75,"column":6},"end":{"line":75,"column":null}},{"start":{},"end":{}}],"line":75},"14":{"loc":{"start":{"line":76,"column":6},"end":{"line":76,"column":null}},"type":"if","locations":[{"start":{"line":76,"column":6},"end":{"line":76,"column":null}},{"start":{},"end":{}}],"line":76},"15":{"loc":{"start":{"line":77,"column":6},"end":{"line":77,"column":null}},"type":"if","locations":[{"start":{"line":77,"column":6},"end":{"line":77,"column":null}},{"start":{},"end":{}}],"line":77},"16":{"loc":{"start":{"line":78,"column":6},"end":{"line":78,"column":null}},"type":"if","locations":[{"start":{"line":78,"column":6},"end":{"line":78,"column":null}},{"start":{},"end":{}}],"line":78},"17":{"loc":{"start":{"line":79,"column":6},"end":{"line":79,"column":null}},"type":"if","locations":[{"start":{"line":79,"column":6},"end":{"line":79,"column":null}},{"start":{},"end":{}}],"line":79},"18":{"loc":{"start":{"line":85,"column":4},"end":{"line":87,"column":null}},"type":"if","locations":[{"start":{"line":85,"column":4},"end":{"line":87,"column":null}},{"start":{},"end":{}}],"line":85},"19":{"loc":{"start":{"line":98,"column":35},"end":{"line":98,"column":82}},"type":"default-arg","locations":[{"start":{"line":98,"column":65},"end":{"line":98,"column":82}}],"line":98},"20":{"loc":{"start":{"line":192,"column":2},"end":{"line":194,"column":null}},"type":"if","locations":[{"start":{"line":192,"column":2},"end":{"line":194,"column":null}},{"start":{},"end":{}}],"line":192},"21":{"loc":{"start":{"line":192,"column":6},"end":{"line":192,"column":37}},"type":"binary-expr","locations":[{"start":{"line":192,"column":6},"end":{"line":192,"column":21}},{"start":{"line":192,"column":21},"end":{"line":192,"column":37}}],"line":192},"22":{"loc":{"start":{"line":195,"column":2},"end":{"line":197,"column":null}},"type":"if","locations":[{"start":{"line":195,"column":2},"end":{"line":197,"column":null}},{"start":{},"end":{}}],"line":195},"23":{"loc":{"start":{"line":195,"column":6},"end":{"line":195,"column":33}},"type":"binary-expr","locations":[{"start":{"line":195,"column":6},"end":{"line":195,"column":21}},{"start":{"line":195,"column":21},"end":{"line":195,"column":33}}],"line":195},"24":{"loc":{"start":{"line":198,"column":2},"end":{"line":200,"column":null}},"type":"if","locations":[{"start":{"line":198,"column":2},"end":{"line":200,"column":null}},{"start":{},"end":{}}],"line":198},"25":{"loc":{"start":{"line":198,"column":6},"end":{"line":198,"column":29}},"type":"binary-expr","locations":[{"start":{"line":198,"column":6},"end":{"line":198,"column":19}},{"start":{"line":198,"column":19},"end":{"line":198,"column":29}}],"line":198},"26":{"loc":{"start":{"line":211,"column":66},"end":{"line":211,"column":103}},"type":"default-arg","locations":[{"start":{"line":211,"column":97},"end":{"line":211,"column":103}}],"line":211},"27":{"loc":{"start":{"line":211,"column":103},"end":{"line":211,"column":167}},"type":"default-arg","locations":[{"start":{"line":211,"column":155},"end":{"line":211,"column":167}}],"line":211},"28":{"loc":{"start":{"line":213,"column":2},"end":{"line":213,"column":null}},"type":"if","locations":[{"start":{"line":213,"column":2},"end":{"line":213,"column":null}},{"start":{},"end":{}}],"line":213},"29":{"loc":{"start":{"line":217,"column":2},"end":{"line":220,"column":null}},"type":"if","locations":[{"start":{"line":217,"column":2},"end":{"line":220,"column":null}},{"start":{},"end":{}}],"line":217},"30":{"loc":{"start":{"line":239,"column":2},"end":{"line":241,"column":null}},"type":"if","locations":[{"start":{"line":239,"column":2},"end":{"line":241,"column":null}},{"start":{},"end":{}}],"line":239},"31":{"loc":{"start":{"line":308,"column":4},"end":{"line":310,"column":null}},"type":"if","locations":[{"start":{"line":308,"column":4},"end":{"line":310,"column":null}},{"start":{},"end":{}}],"line":308},"32":{"loc":{"start":{"line":309,"column":52},"end":{"line":309,"column":null}},"type":"cond-expr","locations":[{"start":{"line":309,"column":61},"end":{"line":309,"column":89}},{"start":{"line":309,"column":89},"end":{"line":309,"column":null}}],"line":309},"33":{"loc":{"start":{"line":311,"column":4},"end":{"line":314,"column":null}},"type":"if","locations":[{"start":{"line":311,"column":4},"end":{"line":314,"column":null}},{"start":{},"end":{}}],"line":311},"34":{"loc":{"start":{"line":311,"column":8},"end":{"line":311,"column":30}},"type":"binary-expr","locations":[{"start":{"line":311,"column":8},"end":{"line":311,"column":22}},{"start":{"line":311,"column":22},"end":{"line":311,"column":30}}],"line":311}},"s":{"0":1,"1":0,"2":0,"3":0,"4":0,"5":0,"6":0,"7":0,"8":0,"9":0,"10":0,"11":0,"12":0,"13":0,"14":0,"15":0,"16":0,"17":0,"18":0,"19":0,"20":0,"21":0,"22":0,"23":0,"24":0,"25":0,"26":0,"27":0,"28":0,"29":0,"30":0,"31":0,"32":0,"33":0,"34":0,"35":0,"36":0,"37":0,"38":0,"39":0,"40":0,"41":0,"42":0,"43":4,"44":4,"45":4,"46":4,"47":4,"48":4,"49":4,"50":4,"51":4,"52":4,"53":4,"54":4,"55":4,"56":4,"57":4,"58":4,"59":4,"60":4,"61":4,"62":4,"63":4,"64":4,"65":4,"66":4,"67":4,"68":4,"69":4,"70":4,"71":4,"72":2,"73":4,"74":2,"75":4,"76":2,"77":4,"78":3,"79":3,"80":0,"81":3,"82":3,"83":1,"84":1,"85":2,"86":2,"87":2,"88":2,"89":2,"90":1,"91":2,"92":2,"93":2,"94":2,"95":2,"96":2,"97":2,"98":2,"99":2,"100":2,"101":2,"102":2,"103":2,"104":2,"105":2,"106":0,"107":0,"108":0,"109":0,"110":0,"111":0,"112":0,"113":0,"114":0,"115":0,"116":2},"f":{"0":0,"1":0,"2":0,"3":0,"4":4,"5":3,"6":2,"7":2,"8":0},"b":{"0":[0,0],"1":[0,0],"2":[0,0],"3":[0,0],"4":[0,0],"5":[0,0],"6":[0,0],"7":[0,0,0],"8":[0,0],"9":[0,0],"10":[0,0],"11":[0,0],"12":[0,0],"13":[0,0],"14":[0,0],"15":[0,0],"16":[0,0],"17":[0,0],"18":[0,0],"19":[4],"20":[2,2],"21":[4,4],"22":[2,2],"23":[4,4],"24":[2,2],"25":[4,4],"26":[3],"27":[3],"28":[0,3],"29":[1,2],"30":[1,1],"31":[0,0],"32":[0,0],"33":[0,0],"34":[0,0]},"meta":{"lastBranch":35,"lastFunction":9,"lastStatement":117,"seen":{"s:10:30:10:Infinity":0,"f:24:16:24:59":0,"s:25:2:48:Infinity":1,"s:26:17:26:Infinity":2,"s:27:18:27:Infinity":3,"b:27:18:27:40:27:40:27:Infinity":0,"s:28:33:28:Infinity":4,"f:28:46:28:47":1,"s:28:63:28:125":5,"b:30:4:32:Infinity:undefined:undefined:undefined:undefined":1,"s:30:4:32:Infinity":6,"s:31:6:31:Infinity":7,"s:34:17:34:Infinity":8,"s:35:19:35:Infinity":9,"b:35:19:35:34:35:34:35:Infinity":2,"s:36:22:36:Infinity":10,"f:36:34:36:35":2,"s:36:60:36:83":11,"b:38:4:45:Infinity:undefined:undefined:undefined:undefined":3,"s:38:4:45:Infinity":12,"b:38:8:38:21:38:21:38:37":4,"s:39:27:39:Infinity":13,"s:40:25:40:Infinity":14,"b:40:54:40:96:40:96:40:Infinity":5,"b:41:6:44:Infinity:undefined:undefined:undefined:undefined":6,"s:41:6:44:Infinity":15,"s:42:29:42:Infinity":16,"s:43:8:43:Infinity":17,"s:47:4:47:Infinity":18,"f:56:9:56:34":3,"s:57:19:57:Infinity":19,"b:57:19:57:32:57:32:57:51:57:51:57:Infinity":7,"s:60:46:67:Infinity":20,"b:70:2:81:Infinity:undefined:undefined:undefined:undefined":8,"s:70:2:81:Infinity":21,"b:70:6:70:22:70:22:70:47":9,"s:71:4:80:Infinity":22,"b:72:6:72:Infinity:undefined:undefined:undefined:undefined":10,"s:72:6:72:Infinity":23,"s:72:35:72:Infinity":24,"b:73:6:73:Infinity:undefined:undefined:undefined:undefined":11,"s:73:6:73:Infinity":25,"s:73:36:73:Infinity":26,"b:74:6:74:Infinity:undefined:undefined:undefined:undefined":12,"s:74:6:74:Infinity":27,"s:74:34:74:Infinity":28,"b:75:6:75:Infinity:undefined:undefined:undefined:undefined":13,"s:75:6:75:Infinity":29,"s:75:35:75:Infinity":30,"b:76:6:76:Infinity:undefined:undefined:undefined:undefined":14,"s:76:6:76:Infinity":31,"s:76:35:76:Infinity":32,"b:77:6:77:Infinity:undefined:undefined:undefined:undefined":15,"s:77:6:77:Infinity":33,"s:77:35:77:Infinity":34,"b:78:6:78:Infinity:undefined:undefined:undefined:undefined":16,"s:78:6:78:Infinity":35,"s:78:33:78:Infinity":36,"b:79:6:79:Infinity:undefined:undefined:undefined:undefined":17,"s:79:6:79:Infinity":37,"s:79:34:79:Infinity":38,"s:84:2:88:Infinity":39,"b:85:4:87:Infinity:undefined:undefined:undefined:undefined":18,"s:85:4:87:Infinity":40,"s:86:6:86:Infinity":41,"s:90:2:90:Infinity":42,"f:98:16:98:35":4,"b:98:65:98:82":19,"s:99:51:99:Infinity":43,"s:100:8:100:Infinity":44,"s:102:16:102:Infinity":45,"s:103:2:103:Infinity":46,"s:104:2:104:Infinity":47,"s:111:17:111:Infinity":48,"s:112:2:112:Infinity":49,"s:113:2:115:Infinity":50,"s:121:2:121:Infinity":51,"s:137:2:137:Infinity":52,"s:139:18:139:Infinity":53,"s:140:2:140:Infinity":54,"s:141:2:141:Infinity":55,"s:149:2:150:Infinity":56,"s:155:2:155:Infinity":57,"s:158:24:158:Infinity":58,"s:159:2:159:Infinity":59,"s:160:2:163:Infinity":60,"s:166:2:167:Infinity":61,"s:172:2:172:Infinity":62,"s:175:22:175:Infinity":63,"s:176:2:176:Infinity":64,"s:177:2:182:Infinity":65,"s:184:2:184:Infinity":66,"s:185:2:185:Infinity":67,"s:188:22:188:Infinity":68,"s:189:22:189:Infinity":69,"s:190:20:190:Infinity":70,"b:192:2:194:Infinity:undefined:undefined:undefined:undefined":20,"s:192:2:194:Infinity":71,"b:192:6:192:21:192:21:192:37":21,"s:193:4:193:Infinity":72,"b:195:2:197:Infinity:undefined:undefined:undefined:undefined":22,"s:195:2:197:Infinity":73,"b:195:6:195:21:195:21:195:33":23,"s:196:4:196:Infinity":74,"b:198:2:200:Infinity:undefined:undefined:undefined:undefined":24,"s:198:2:200:Infinity":75,"b:198:6:198:19:198:19:198:29":25,"s:199:4:199:Infinity":76,"s:202:2:202:Infinity":77,"f:211:16:211:37":5,"b:211:97:211:103":26,"b:211:155:211:167":27,"s:212:24:212:Infinity":78,"b:213:2:213:Infinity:undefined:undefined:undefined:undefined":28,"s:213:2:213:Infinity":79,"s:213:22:213:Infinity":80,"s:215:2:215:Infinity":81,"b:217:2:220:Infinity:undefined:undefined:undefined:undefined":29,"s:217:2:220:Infinity":82,"s:218:4:218:Infinity":83,"s:219:4:219:Infinity":84,"s:222:2:222:Infinity":85,"s:224:8:229:Infinity":86,"s:231:2:231:Infinity":87,"f:237:16:237:43":6,"s:238:24:238:Infinity":88,"b:239:2:241:Infinity:undefined:undefined:undefined:undefined":30,"s:239:2:241:Infinity":89,"s:240:4:240:Infinity":90,"f:248:16:248:47":7,"s:249:8:249:Infinity":91,"s:251:21:251:Infinity":92,"s:252:2:252:Infinity":93,"s:253:2:253:Infinity":94,"s:259:15:259:Infinity":95,"s:260:2:260:Infinity":96,"s:261:2:261:Infinity":97,"s:262:2:267:Infinity":98,"s:278:14:278:Infinity":99,"s:279:2:279:Infinity":100,"s:280:2:285:Infinity":101,"s:290:2:294:Infinity":102,"s:298:2:298:Infinity":103,"s:299:2:299:Infinity":104,"s:302:2:315:Infinity":105,"f:302:13:302:19":8,"s:303:10:303:Infinity":106,"s:304:22:304:Infinity":107,"s:305:23:305:Infinity":108,"s:306:19:306:Infinity":109,"s:307:19:307:Infinity":110,"b:308:4:310:Infinity:undefined:undefined:undefined:undefined":31,"s:308:4:310:Infinity":111,"s:309:7:309:Infinity":112,"b:309:61:309:89:309:89:309:Infinity":32,"b:311:4:314:Infinity:undefined:undefined:undefined:undefined":33,"s:311:4:314:Infinity":113,"b:311:8:311:22:311:22:311:30":34,"s:312:19:312:Infinity":114,"s:313:6:313:Infinity":115,"s:317:2:317:Infinity":116}}}
,"C:\\Users\\Administrator\\Documents\\ai\\ComfyUI\\custom_nodes\\ComfyUI_Data_Manager\\frontend\\src\\ui\\components\\settings.ts": {"path":"C:\\Users\\Administrator\\Documents\\ai\\ComfyUI\\custom_nodes\\ComfyUI_Data_Manager\\frontend\\src\\ui\\components\\settings.ts","statementMap":{"0":{"start":{"line":34,"column":38},"end":{"line":34,"column":null}},"1":{"start":{"line":35,"column":8},"end":{"line":35,"column":null}},"2":{"start":{"line":37,"column":18},"end":{"line":37,"column":null}},"3":{"start":{"line":38,"column":2},"end":{"line":38,"column":null}},"4":{"start":{"line":39,"column":2},"end":{"line":39,"column":null}},"5":{"start":{"line":40,"column":2},"end":{"line":40,"column":null}},"6":{"start":{"line":53,"column":16},"end":{"line":53,"column":null}},"7":{"start":{"line":54,"column":2},"end":{"line":56,"column":null}},"8":{"start":{"line":66,"column":16},"end":{"line":66,"column":null}},"9":{"start":{"line":67,"column":2},"end":{"line":67,"column":null}},"10":{"start":{"line":68,"column":2},"end":{"line":68,"column":null}},"11":{"start":{"line":76,"column":2},"end":{"line":76,"column":null}},"12":{"start":{"line":82,"column":2},"end":{"line":82,"column":null}},"13":{"start":{"line":85,"column":20},"end":{"line":85,"column":null}},"14":{"start":{"line":86,"column":2},"end":{"line":86,"column":null}},"15":{"start":{"line":89,"column":2},"end":{"line":89,"column":null}},"16":{"start":{"line":91,"column":2},"end":{"line":91,"column":null}},"17":{"start":{"line":92,"column":2},"end":{"line":92,"column":null}},"18":{"start":{"line":95,"column":2},"end":{"line":95,"column":null}},"19":{"start":{"line":95,"column":64},"end":{"line":95,"column":null}},"20":{"start":{"line":96,"column":2},"end":{"line":96,"column":null}},"21":{"start":{"line":96,"column":29},"end":{"line":96,"column":73}},"22":{"start":{"line":96,"column":55},"end":{"line":96,"column":73}},"23":{"start":{"line":98,"column":2},"end":{"line":98,"column":null}},"24":{"start":{"line":105,"column":8},"end":{"line":105,"column":null}},"25":{"start":{"line":107,"column":2},"end":{"line":107,"column":null}},"26":{"start":{"line":109,"column":16},"end":{"line":109,"column":null}},"27":{"start":{"line":110,"column":2},"end":{"line":114,"column":null}},"28":{"start":{"line":116,"column":2},"end":{"line":116,"column":null}},"29":{"start":{"line":117,"column":2},"end":{"line":117,"column":null}},"30":{"start":{"line":119,"column":15},"end":{"line":119,"column":null}},"31":{"start":{"line":120,"column":2},"end":{"line":120,"column":null}},"32":{"start":{"line":121,"column":2},"end":{"line":121,"column":null}},"33":{"start":{"line":123,"column":2},"end":{"line":123,"column":null}},"34":{"start":{"line":125,"column":2},"end":{"line":125,"column":null}},"35":{"start":{"line":128,"column":17},"end":{"line":128,"column":null}},"36":{"start":{"line":129,"column":2},"end":{"line":129,"column":null}},"37":{"start":{"line":130,"column":2},"end":{"line":130,"column":null}},"38":{"start":{"line":131,"column":2},"end":{"line":131,"column":null}},"39":{"start":{"line":132,"column":2},"end":{"line":134,"column":null}},"40":{"start":{"line":133,"column":4},"end":{"line":133,"column":null}},"41":{"start":{"line":135,"column":2},"end":{"line":135,"column":null}},"42":{"start":{"line":142,"column":8},"end":{"line":142,"column":null}},"43":{"start":{"line":144,"column":2},"end":{"line":144,"column":null}},"44":{"start":{"line":147,"column":18},"end":{"line":147,"column":null}},"45":{"start":{"line":148,"column":2},"end":{"line":148,"column":null}},"46":{"start":{"line":149,"column":2},"end":{"line":149,"column":null}},"47":{"start":{"line":150,"column":2},"end":{"line":150,"column":null}},"48":{"start":{"line":151,"column":2},"end":{"line":153,"column":null}},"49":{"start":{"line":152,"column":4},"end":{"line":152,"column":null}},"50":{"start":{"line":154,"column":2},"end":{"line":154,"column":null}},"51":{"start":{"line":156,"column":20},"end":{"line":156,"column":null}},"52":{"start":{"line":157,"column":2},"end":{"line":161,"column":null}},"53":{"start":{"line":163,"column":2},"end":{"line":163,"column":null}},"54":{"start":{"line":164,"column":2},"end":{"line":164,"column":null}},"55":{"start":{"line":166,"column":15},"end":{"line":166,"column":null}},"56":{"start":{"line":167,"column":2},"end":{"line":167,"column":null}},"57":{"start":{"line":169,"column":2},"end":{"line":169,"column":null}},"58":{"start":{"line":170,"column":2},"end":{"line":170,"column":null}},"59":{"start":{"line":171,"column":2},"end":{"line":171,"column":null}},"60":{"start":{"line":172,"column":2},"end":{"line":172,"column":null}},"61":{"start":{"line":175,"column":17},"end":{"line":175,"column":null}},"62":{"start":{"line":176,"column":2},"end":{"line":176,"column":null}},"63":{"start":{"line":178,"column":20},"end":{"line":178,"column":null}},"64":{"start":{"line":179,"column":2},"end":{"line":179,"column":null}},"65":{"start":{"line":180,"column":2},"end":{"line":180,"column":null}},"66":{"start":{"line":184,"column":2},"end":{"line":184,"column":null}},"67":{"start":{"line":186,"column":21},"end":{"line":186,"column":null}},"68":{"start":{"line":187,"column":2},"end":{"line":187,"column":null}},"69":{"start":{"line":188,"column":2},"end":{"line":188,"column":null}},"70":{"start":{"line":189,"column":2},"end":{"line":189,"column":null}},"71":{"start":{"line":191,"column":2},"end":{"line":191,"column":null}},"72":{"start":{"line":192,"column":2},"end":{"line":192,"column":null}},"73":{"start":{"line":194,"column":2},"end":{"line":194,"column":null}},"74":{"start":{"line":197,"column":2},"end":{"line":244,"column":null}},"75":{"start":{"line":198,"column":18},"end":{"line":198,"column":null}},"76":{"start":{"line":199,"column":18},"end":{"line":199,"column":null}},"77":{"start":{"line":200,"column":22},"end":{"line":200,"column":null}},"78":{"start":{"line":201,"column":22},"end":{"line":201,"column":null}},"79":{"start":{"line":202,"column":23},"end":{"line":202,"column":null}},"80":{"start":{"line":204,"column":4},"end":{"line":207,"column":null}},"81":{"start":{"line":205,"column":6},"end":{"line":205,"column":null}},"82":{"start":{"line":206,"column":6},"end":{"line":206,"column":null}},"83":{"start":{"line":209,"column":4},"end":{"line":209,"column":null}},"84":{"start":{"line":210,"column":4},"end":{"line":210,"column":null}},"85":{"start":{"line":212,"column":4},"end":{"line":243,"column":null}},"86":{"start":{"line":213,"column":29},"end":{"line":213,"column":60}},"87":{"start":{"line":214,"column":21},"end":{"line":214,"column":null}},"88":{"start":{"line":217,"column":6},"end":{"line":234,"column":null}},"89":{"start":{"line":218,"column":25},"end":{"line":226,"column":null}},"90":{"start":{"line":227,"column":23},"end":{"line":227,"column":null}},"91":{"start":{"line":228,"column":8},"end":{"line":228,"column":null}},"92":{"start":{"line":229,"column":8},"end":{"line":233,"column":null}},"93":{"start":{"line":230,"column":10},"end":{"line":230,"column":null}},"94":{"start":{"line":232,"column":10},"end":{"line":232,"column":null}},"95":{"start":{"line":236,"column":6},"end":{"line":236,"column":null}},"96":{"start":{"line":236,"column":21},"end":{"line":236,"column":null}},"97":{"start":{"line":237,"column":7},"end":{"line":237,"column":null}},"98":{"start":{"line":240,"column":6},"end":{"line":240,"column":null}},"99":{"start":{"line":241,"column":6},"end":{"line":241,"column":null}},"100":{"start":{"line":242,"column":6},"end":{"line":242,"column":null}},"101":{"start":{"line":258,"column":8},"end":{"line":258,"column":null}},"102":{"start":{"line":259,"column":17},"end":{"line":259,"column":null}},"103":{"start":{"line":260,"column":16},"end":{"line":260,"column":null}},"104":{"start":{"line":261,"column":17},"end":{"line":261,"column":null}},"105":{"start":{"line":263,"column":2},"end":{"line":263,"column":null}},"106":{"start":{"line":265,"column":2},"end":{"line":268,"column":null}},"107":{"start":{"line":266,"column":4},"end":{"line":266,"column":null}},"108":{"start":{"line":267,"column":4},"end":{"line":267,"column":null}},"109":{"start":{"line":270,"column":2},"end":{"line":323,"column":null}},"110":{"start":{"line":271,"column":17},"end":{"line":271,"column":null}},"111":{"start":{"line":272,"column":4},"end":{"line":278,"column":null}},"112":{"start":{"line":284,"column":21},"end":{"line":284,"column":null}},"113":{"start":{"line":286,"column":17},"end":{"line":286,"column":null}},"114":{"start":{"line":287,"column":4},"end":{"line":287,"column":null}},"115":{"start":{"line":288,"column":4},"end":{"line":290,"column":null}},"116":{"start":{"line":293,"column":20},"end":{"line":293,"column":null}},"117":{"start":{"line":294,"column":4},"end":{"line":294,"column":null}},"118":{"start":{"line":296,"column":22},"end":{"line":296,"column":null}},"119":{"start":{"line":297,"column":4},"end":{"line":297,"column":null}},"120":{"start":{"line":298,"column":4},"end":{"line":298,"column":null}},"121":{"start":{"line":299,"column":4},"end":{"line":299,"column":null}},"122":{"start":{"line":300,"column":4},"end":{"line":313,"column":null}},"123":{"start":{"line":301,"column":6},"end":{"line":301,"column":null}},"124":{"start":{"line":302,"column":6},"end":{"line":312,"column":null}},"125":{"start":{"line":303,"column":20},"end":{"line":303,"column":null}},"126":{"start":{"line":303,"column":47},"end":{"line":303,"column":63}},"127":{"start":{"line":304,"column":8},"end":{"line":311,"column":null}},"128":{"start":{"line":305,"column":10},"end":{"line":305,"column":null}},"129":{"start":{"line":306,"column":10},"end":{"line":308,"column":null}},"130":{"start":{"line":307,"column":12},"end":{"line":307,"column":null}},"131":{"start":{"line":310,"column":10},"end":{"line":310,"column":null}},"132":{"start":{"line":315,"column":4},"end":{"line":315,"column":null}},"133":{"start":{"line":316,"column":4},"end":{"line":316,"column":null}},"134":{"start":{"line":317,"column":4},"end":{"line":317,"column":null}},"135":{"start":{"line":319,"column":4},"end":{"line":319,"column":null}},"136":{"start":{"line":319,"column":29},"end":{"line":319,"column":null}},"137":{"start":{"line":320,"column":4},"end":{"line":320,"column":null}},"138":{"start":{"line":320,"column":28},"end":{"line":320,"column":null}},"139":{"start":{"line":322,"column":4},"end":{"line":322,"column":null}},"140":{"start":{"line":330,"column":8},"end":{"line":330,"column":null}},"141":{"start":{"line":331,"column":20},"end":{"line":331,"column":null}},"142":{"start":{"line":332,"column":2},"end":{"line":332,"column":null}},"143":{"start":{"line":334,"column":18},"end":{"line":334,"column":null}},"144":{"start":{"line":335,"column":2},"end":{"line":335,"column":null}},"145":{"start":{"line":336,"column":2},"end":{"line":336,"column":null}},"146":{"start":{"line":338,"column":16},"end":{"line":338,"column":null}},"147":{"start":{"line":339,"column":2},"end":{"line":339,"column":null}},"148":{"start":{"line":340,"column":2},"end":{"line":340,"column":null}},"149":{"start":{"line":341,"column":2},"end":{"line":341,"column":null}},"150":{"start":{"line":342,"column":2},"end":{"line":342,"column":null}},"151":{"start":{"line":343,"column":2},"end":{"line":349,"column":null}},"152":{"start":{"line":352,"column":2},"end":{"line":352,"column":null}},"153":{"start":{"line":353,"column":2},"end":{"line":353,"column":null}},"154":{"start":{"line":355,"column":2},"end":{"line":355,"column":null}}},"fnMap":{"0":{"name":"openSettingsPanel","decl":{"start":{"line":33,"column":16},"end":{"line":33,"column":34}},"loc":{"start":{"line":33,"column":78},"end":{"line":99,"column":null}},"line":33},"1":{"name":"(anonymous_1)","decl":{"start":{"line":95,"column":58},"end":{"line":95,"column":64}},"loc":{"start":{"line":95,"column":64},"end":{"line":95,"column":null}},"line":95},"2":{"name":"(anonymous_2)","decl":{"start":{"line":96,"column":20},"end":{"line":96,"column":21}},"loc":{"start":{"line":96,"column":27},"end":{"line":96,"column":null}},"line":96},"3":{"name":"showConnectionList","decl":{"start":{"line":104,"column":9},"end":{"line":104,"column":28}},"loc":{"start":{"line":104,"column":124},"end":{"line":136,"column":null}},"line":104},"4":{"name":"(anonymous_4)","decl":{"start":{"line":132,"column":19},"end":{"line":132,"column":25}},"loc":{"start":{"line":132,"column":25},"end":{"line":134,"column":null}},"line":132},"5":{"name":"showConnectionForm","decl":{"start":{"line":141,"column":9},"end":{"line":141,"column":28}},"loc":{"start":{"line":141,"column":124},"end":{"line":245,"column":null}},"line":141},"6":{"name":"(anonymous_6)","decl":{"start":{"line":151,"column":20},"end":{"line":151,"column":26}},"loc":{"start":{"line":151,"column":26},"end":{"line":153,"column":null}},"line":151},"7":{"name":"(anonymous_7)","decl":{"start":{"line":197,"column":23},"end":{"line":197,"column":35}},"loc":{"start":{"line":197,"column":35},"end":{"line":244,"column":null}},"line":197},"8":{"name":"renderSavedConnectionsList","decl":{"start":{"line":250,"column":9},"end":{"line":250,"column":null}},"loc":{"start":{"line":257,"column":8},"end":{"line":324,"column":null}},"line":257},"9":{"name":"(anonymous_9)","decl":{"start":{"line":270,"column":16},"end":{"line":270,"column":17}},"loc":{"start":{"line":270,"column":26},"end":{"line":323,"column":3}},"line":270},"10":{"name":"(anonymous_10)","decl":{"start":{"line":300,"column":24},"end":{"line":300,"column":25}},"loc":{"start":{"line":300,"column":31},"end":{"line":313,"column":null}},"line":300},"11":{"name":"(anonymous_11)","decl":{"start":{"line":303,"column":42},"end":{"line":303,"column":47}},"loc":{"start":{"line":303,"column":47},"end":{"line":303,"column":63}},"line":303},"12":{"name":"(anonymous_12)","decl":{"start":{"line":319,"column":23},"end":{"line":319,"column":29}},"loc":{"start":{"line":319,"column":29},"end":{"line":319,"column":null}},"line":319},"13":{"name":"(anonymous_13)","decl":{"start":{"line":320,"column":22},"end":{"line":320,"column":28}},"loc":{"start":{"line":320,"column":28},"end":{"line":320,"column":null}},"line":320},"14":{"name":"createSettingsInput","decl":{"start":{"line":329,"column":9},"end":{"line":329,"column":29}},"loc":{"start":{"line":329,"column":104},"end":{"line":356,"column":null}},"line":329}},"branchMap":{"0":{"loc":{"start":{"line":33,"column":34},"end":{"line":33,"column":78}},"type":"default-arg","locations":[{"start":{"line":33,"column":61},"end":{"line":33,"column":78}}],"l
[...]
e":35,"column":8},"end":{"line":35,"column":null}},"19":{"start":{"line":36,"column":8},"end":{"line":36,"column":null}},"20":{"start":{"line":37,"column":6},"end":{"line":50,"column":null}},"21":{"start":{"line":38,"column":8},"end":{"line":38,"column":null}},"22":{"start":{"line":39,"column":8},"end":{"line":39,"column":null}},"23":{"start":{"line":40,"column":8},"end":{"line":40,"column":null}},"24":{"start":{"line":41,"column":8},"end":{"line":41,"column":null}},"25":{"start":{"line":42,"column":8},"end":{"line":42,"column":null}},"26":{"start":{"line":43,"column":6},"end":{"line":50,"column":null}},"27":{"start":{"line":44,"column":8},"end":{"line":44,"column":null}},"28":{"start":{"line":45,"column":8},"end":{"line":45,"column":null}},"29":{"start":{"line":46,"column":8},"end":{"line":46,"column":null}},"30":{"start":{"line":47,"column":8},"end":{"line":47,"column":null}},"31":{"start":{"line":48,"column":6},"end":{"line":50,"column":null}},"32":{"start":{"line":49,"column":8},"end":{"line":49,"column":null}},"33":{"start":{"line":55,"column":2},"end":{"line":55,"column":null}},"34":{"start":{"line":56,"column":2},"end":{"line":58,"column":null}},"35":{"start":{"line":57,"column":4},"end":{"line":57,"column":null}},"36":{"start":{"line":60,"column":2},"end":{"line":60,"column":null}}},"fnMap":{"0":{"name":"parseCSV","decl":{"start":{"line":10,"column":16},"end":{"line":10,"column":25}},"loc":{"start":{"line":10,"column":51},"end":{"line":61,"column":null}},"line":10}},"branchMap":{"0":{"loc":{"start":{"line":20,"column":4},"end":{"line":51,"column":null}},"type":"if","locations":[{"start":{"line":20,"column":4},"end":{"line":51,"column":null}},{"start":{"line":31,"column":11},"end":{"line":51,"column":null}}],"line":20},"1":{"loc":{"start":{"line":21,"column":6},"end":{"line":30,"column":null}},"type":"if","locations":[{"start":{"line":21,"column":6},"end":{"line":30,"column":null}},{"start":{"line":28,"column":13},"end":{"line":30,"column":null}}],"line":21},"2":{"loc":{"start":{"line":22,"column":8},"end":{"line":27,"column":null}},"type":"if","locations":[{"start":{"line":22,"column":8},"end":{"line":27,"column":null}},{"start":{"line":25,"column":15},"end":{"line":27,"column":null}}],"line":22},"3":{"loc":{"start":{"line":32,"column":6},"end":{"line":50,"column":null}},"type":"if","locations":[{"start":{"line":32,"column":6},"end":{"line":50,"column":null}},{"start":{"line":34,"column":6},"end":{"line":50,"column":null}}],"line":32},"4":{"loc":{"start":{"line":34,"column":6},"end":{"line":50,"column":null}},"type":"if","locations":[{"start":{"line":34,"column":6},"end":{"line":50,"column":null}},{"start":{"line":37,"column":6},"end":{"line":50,"column":null}}],"line":34},"5":{"loc":{"start":{"line":37,"column":6},"end":{"line":50,"column":null}},"type":"if","locations":[{"start":{"line":37,"column":6},"end":{"line":50,"column":null}},{"start":{"line":43,"column":6},"end":{"line":50,"column":null}}],"line":37},"6":{"loc":{"start":{"line":37,"column":17},"end":{"line":37,"column":53}},"type":"binary-expr","locations":[{"start":{"line":37,"column":17},"end":{"line":37,"column":34}},{"start":{"line":37,"column":34},"end":{"line":37,"column":53}}],"line":37},"7":{"loc":{"start":{"line":43,"column":6},"end":{"line":50,"column":null}},"type":"if","locations":[{"start":{"line":43,"column":6},"end":{"line":50,"column":null}},{"start":{"line":48,"column":6},"end":{"line":50,"column":null}}],"line":43},"8":{"loc":{"start":{"line":48,"column":6},"end":{"line":50,"column":null}},"type":"if","locations":[{"start":{"line":48,"column":6},"end":{"line":50,"column":null}},{"start":{},"end":{}}],"line":48},"9":{"loc":{"start":{"line":56,"column":2},"end":{"line":58,"column":null}},"type":"if","locations":[{"start":{"line":56,"column":2},"end":{"line":58,"column":null}},{"start":{},"end":{}}],"line":56},"10":{"loc":{"start":{"line":56,"column":6},"end":{"line":56,"column":48}},"type":"binary-expr","locations":[{"start":{"line":56,"column":6},"end":{"line":56,"column":31}},{"start":{"line":56,"column":31},"end":{"line":56,"column":48}}],"line":56}},"s":{"0":27,"1":27,"2":27,"3":27,"4":27,"5":27,"6":10523,"7":10523,"8":10523,"9":10213,"10":31,"11":8,"12":8,"13":23,"14":10182,"15":310,"16":24,"17":286,"18":61,"19":61,"20":225,"21":2,"22":2,"23":2,"24":2,"25":2,"26":223,"27":20,"28":20,"29":20,"30":20,"31":203,"32":202,"33":27,"34":27,"35":27,"36":27},"f":{"0":27},"b":{"0":[10213,310],"1":[31,10182],"2":[8,23],"3":[24,286],"4":[61,225],"5":[2,223],"6":[225,3],"7":[20,203],"8":[202,1],"9":[27,0],"10":[27,0]},"meta":{"lastBranch":11,"lastFunction":1,"lastStatement":37,"seen":{"f:10:16:10:25":0,"s:11:27:11:Infinity":0,"s:12:29:12:Infinity":1,"s:13:20:13:Infinity":2,"s:14:17:14:Infinity":3,"s:16:2:52:Infinity":4,"s:16:15:16:18":5,"s:17:17:17:Infinity":6,"s:18:21:18:Infinity":7,"b:20:4:51:Infinity:31:11:51:Infinity":0,"s:20:4:51:Infinity":8,"b:21:6:30:Infinity:28:13:30:Infinity":1,"s:21:6:30:Infinity":9,"b:22:8:27:Infinity:25:15:27:Infinity":2,"s:22:8:27:Infinity":10,"s:23:10:23:Infinity":11,"s:24:10:24:Infinity":12,"s:26:10:26:Infinity":13,"s:29:8:29:Infinity":14,"b:32:6:50:Infinity:34:6:50:Infinity":3,"s:32:6:50:Infinity":15,"s:33:8:33:Infinity":16,"b:34:6:50:Infinity:37:6:50:Infinity":4,"s:34:6:50:Infinity":17,"s:35:8:35:Infinity":18,"s:36:8:36:Infinity":19,"b:37:6:50:Infinity:43:6:50:Infinity":5,"s:37:6:50:Infinity":20,"b:37:17:37:34:37:34:37:53":6,"s:38:8:38:Infinity":21,"s:39:8:39:Infinity":22,"s:40:8:40:Infinity":23,"s:41:8:41:Infinity":24,"s:42:8:42:Infinity":25,"b:43:6:50:Infinity:48:6:50:Infinity":7,"s:43:6:50:Infinity":26,"s:44:8:44:Infinity":27,"s:45:8:45:Infinity":28,"s:46:8:46:Infinity":29,"s:47:8:47:Infinity":30,"b:48:6:50:Infinity:undefined:undefined:undefined:undefined":8,"s:48:6:50:Infinity":31,"s:49:8:49:Infinity":32,"s:55:2:55:Infinity":33,"b:56:2:58:Infinity:undefined:undefined:undefined:undefined":9,"s:56:2:58:Infinity":34,"b:56:6:56:31:56:31:56:48":10,"s:57:4:57:Infinity":35,"s:60:2:60:Infinity":36}}}
,"C:\\Users\\Administrator\\Documents\\ai\\ComfyUI\\custom_nodes\\ComfyUI_Data_Manager\\frontend\\src\\utils\\drag.ts": {"path":"C:\\Users\\Administrator\\Documents\\ai\\ComfyUI\\custom_nodes\\ComfyUI_Data_Manager\\frontend\\src\\utils\\drag.ts","statementMap":{"0":{"start":{"line":13,"column":2},"end":{"line":13,"column":null}},"1":{"start":{"line":14,"column":2},"end":{"line":14,"column":null}},"2":{"start":{"line":17,"column":2},"end":{"line":21,"column":null}},"3":{"start":{"line":18,"column":4},"end":{"line":18,"column":null}},"4":{"start":{"line":19,"column":4},"end":{"line":19,"column":null}},"5":{"start":{"line":20,"column":4},"end":{"line":20,"column":null}},"6":{"start":{"line":23,"column":2},"end":{"line":73,"column":null}},"7":{"start":{"line":25,"column":4},"end":{"line":25,"column":null}},"8":{"start":{"line":25,"column":113},"end":{"line":25,"column":null}},"9":{"start":{"line":28,"column":4},"end":{"line":28,"column":null}},"10":{"start":{"line":28,"column":48},"end":{"line":28,"column":null}},"11":{"start":{"line":31,"column":4},"end":{"line":31,"column":null}},"12":{"start":{"line":33,"column":17},"end":{"line":33,"column":null}},"13":{"start":{"line":34,"column":20},"end":{"line":34,"column":null}},"14":{"start":{"line":35,"column":20},"end":{"line":35,"column":null}},"15":{"start":{"line":38,"column":4},"end":{"line":38,"column":null}},"16":{"start":{"line":41,"column":4},"end":{"line":41,"column":null}},"17":{"start":{"line":42,"column":4},"end":{"line":42,"column":null}},"18":{"start":{"line":43,"column":4},"end":{"line":43,"column":null}},"19":{"start":{"line":46,"column":5},"end":{"line":46,"column":null}},"20":{"start":{"line":49,"column":29},"end":{"line":55,"column":null}},"21":{"start":{"line":50,"column":6},"end":{"line":50,"column":null}},"22":{"start":{"line":50,"column":74},"end":{"line":50,"column":null}},"23":{"start":{"line":51,"column":16},"end":{"line":51,"column":null}},"24":{"start":{"line":52,"column":16},"end":{"line":52,"column":null}},"25":{"start":{"line":53,"column":6},"end":{"line":53,"column":null}},"26":{"start":{"line":54,"column":6},"end":{"line":54,"column":null}},"27":{"start":{"line":58,"column":27},"end":{"line":68,"column":null}},"28":{"start":{"line":60,"column":6},"end":{"line":60,"column":null}},"29":{"start":{"line":63,"column":7},"end":{"line":63,"column":null}},"30":{"start":{"line":66,"column":6},"end":{"line":66,"column":null}},"31":{"start":{"line":67,"column":6},"end":{"line":67,"column":null}},"32":{"start":{"line":71,"column":4},"end":{"line":71,"column":null}},"33":{"start":{"line":72,"column":4},"end":{"line":72,"column":null}},"34":{"start":{"line":81,"column":2},"end":{"line":84,"column":null}},"35":{"start":{"line":82,"column":5},"end":{"line":82,"column":null}},"36":{"start":{"line":83,"column":4},"end":{"line":83,"column":null}}},"fnMap":{"0":{"name":"setupWindowDrag","decl":{"start":{"line":11,"column":16},"end":{"line":11,"column":32}},"loc":{"start":{"line":11,"column":82},"end":{"line":74,"column":null}},"line":11},"1":{"name":"(anonymous_1)","decl":{"start":{"line":17,"column":41},"end":{"line":17,"column":42}},"loc":{"start":{"line":17,"column":48},"end":{"line":21,"column":3}},"line":17},"2":{"name":"(anonymous_2)","decl":{"start":{"line":23,"column":39},"end":{"line":23,"column":40}},"loc":{"start":{"line":23,"column":46},"end":{"line":73,"column":3}},"line":23},"3":{"name":"(anonymous_3)","decl":{"start":{"line":49,"column":29},"end":{"line":49,"column":30}},"loc":{"start":{"line":49,"column":48},"end":{"line":55,"column":null}},"line":49},"4":{"name":"(anonymous_4)","decl":{"start":{"line":58,"column":27},"end":{"line":58,"column":33}},"loc":{"start":{"line":58,"column":33},"end":{"line":68,"column":null}},"line":58},"5":{"name":"cleanupWindowDrag","decl":{"start":{"line":80,"column":16},"end":{"line":80,"column":34}},"loc":{"start":{"line":80,"column":63},"end":{"line":85,"column":null}},"line":80}},"branchMap":{"0":{"loc":{"start":{"line":25,"column":4},"end":{"line":25,"column":null}},"type":"if","locations":[{"start":{"line":25,"column":4},"end":{"line":25,"column":null}},{"start":{},"end":{}}],"line":25},"1":{"loc":{"start":{"line":25,"column":8},"end":{"line":25,"column":113}},"type":"binary-expr","locations":[{"start":{"line":25,"column":8},"end":{"line":25,"column":21}},{"start":{"line":25,"column":21},"end":{"line":25,"column":71}},{"start":{"line":25,"column":71},"end":{"line":25,"column":113}}],"line":25},"2":{"loc":{"start":{"line":28,"column":4},"end":{"line":28,"column":null}},"type":"if","locations":[{"start":{"line":28,"column":4},"end":{"line":28,"column":null}},{"start":{},"end":{}}],"line":28},"3":{"loc":{"start":{"line":50,"column":6},"end":{"line":50,"column":null}},"type":"if","locations":[{"start":{"line":50,"column":6},"end":{"line":50,"column":null}},{"start":{},"end":{}}],"line":50},"4":{"loc":{"start":{"line":81,"column":2},"end":{"line":84,"column":null}},"type":"if","locations":[{"start":{"line":81,"column":2},"end":{"line":84,"column":null}},{"start":{},"end":{}}],"line":81}},"s":{"0":10,"1":10,"2":10,"3":1,"4":1,"5":1,"6":10,"7":8,"8":2,"9":6,"10":1,"11":5,"12":5,"13":5,"14":5,"15":5,"16":5,"17":5,"18":5,"19":5,"20":5,"21":6,"22":0,"23":6,"24":6,"25":6,"26":6,"27":5,"28":5,"29":5,"30":5,"31":5,"32":5,"33":5,"34":2,"35":1,"36":1},"f":{"0":10,"1":1,"2":8,"3":6,"4":5,"5":2},"b":{"0":[2,6],"1":[8,8,7],"2":[1,5],"3":[0,6],"4":[1,1]},"meta":{"lastBranch":5,"lastFunction":6,"lastStatement":37,"seen":{"f:11:16:11:32":0,"s:13:2:13:Infinity":0,"s:14:2:14:Infinity":1,"s:17:2:21:Infinity":2,"f:17:41:17:42":1,"s:18:4:18:Infinity":3,"s:19:4:19:Infinity":4,"s:20:4:20:Infinity":5,"s:23:2:73:Infinity":6,"f:23:39:23:40":2,"b:25:4:25:Infinity:undefined:undefined:undefined:undefined":0,"s:25:4:25:Infinity":7,"b:25:8:25:21:25:21:25:71:25:71:25:113":1,"s:25:113:25:Infinity":8,"b:28:4:28:Infinity:undefined:undefined:undefined:undefined":2,"s:28:4:28:Infinity":9,"s:28:48:28:Infinity":10,"s:31:4:31:Infinity":11,"s:33:17:33:Infinity":12,"s:34:20:34:Infinity":13,"s:35:20:35:Infinity":14,"s:38:4:38:Infinity":15,"s:41:4:41:Infinity":16,"s:42:4:42:Infinity":17,"s:43:4:43:Infinity":18,"s:46:5:46:Infinity":19,"s:49:29:55:Infinity":20,"f:49:29:49:30":3,"b:50:6:50:Infinity:undefined:undefined:undefined:undefined":3,"s:50:6:50:Infinity":21,"s:50:74:50:Infinity":22,"s:51:16:51:Infinity":23,"s:52:16:52:Infinity":24,"s:53:6:53:Infinity":25,"s:54:6:54:Infinity":26,"s:58:27:68:Infinity":27,"f:58:27:58:33":4,"s:60:6:60:Infinity":28,"s:63:7:63:Infinity":29,"s:66:6:66:Infinity":30,"s:67:6:67:Infinity":31,"s:71:4:71:Infinity":32,"s:72:4:72:Infinity":33,"f:80:16:80:34":5,"b:81:2:84:Infinity:undefined:undefined:undefined:undefined":4,"s:81:2:84:Infinity":34,"s:82:5:82:Infinity":35,"s:83:4:83:Infinity":36}}}
,"C:\\Users\\Administrator\\Documents\\ai\\ComfyUI\\custom_nodes\\ComfyUI_Data_Manager\\frontend\\src\\utils\\file-type.ts": {"path":"C:\\Users\\Administrator\\Documents\\ai\\ComfyUI\\custom_nodes\\ComfyUI_Data_Manager\\frontend\\src\\utils\\file-type.ts","statementMap":{"0":{"start":{"line":13,"column":2},"end":{"line":13,"column":null}},"1":{"start":{"line":13,"column":19},"end":{"line":13,"column":null}},"2":{"start":{"line":14,"column":14},"end":{"line":14,"column":null}},"3":{"start":{"line":15,"column":2},"end":{"line":17,"column":null}},"4":{"start":{"line":16,"column":4},"end":{"line":16,"column":null}},"5":{"start":{"line":16,"column":50},"end":{"line":16,"column":null}},"6":{"start":{"line":18,"column":2},"end":{"line":18,"column":null}},"7":{"start":{"line":27,"column":2},"end":{"line":29,"column":null}},"8":{"start":{"line":28,"column":4},"end":{"line":28,"column":null}},"9":{"start":{"line":28,"column":50},"end":{"line":28,"column":null}},"10":{"start":{"line":30,"column":2},"end":{"line":30,"column":null}}},"fnMap":{"0":{"name":"getFileType","decl":{"start":{"line":12,"column":16},"end":{"line":12,"column":28}},"loc":{"start":{"line":12,"column":94},"end":{"line":19,"column":null}},"line":12},"1":{"name":"getTypeByExt","decl":{"start":{"line":26,"column":16},"end":{"line":26,"column":29}},"loc":{"start":{"line":26,"column":50},"end":{"line":31,"column":null}},"line":26}},"branchMap":{"0":{"loc":{"start":{"line":13,"column":2},"end":{"line":13,"column":null}},"type":"if","locations":[{"start":{"line":13,"column":2},"end":{"line":13,"column":null}},{"start":{},"end":{}}],"line":13},"1":{"loc":{"start":{"line":14,"column":14},"end":{"line":14,"column":null}},"type":"binary-expr","locations":[{"start":{"line":14,"column":14},"end":{"line":14,"column":87}},{"start":{"line":14,"column":87},"end":{"line":14,"column":null}}],"line":14},"2":{"loc":{"start":{"line":14,"column":22},"end":{"line":14,"column":52}},"type":"binary-expr","locations":[{"start":{"line":14,"column":22},"end":{"line":14,"column":35}},{"start":{"line":14,"column":35},"end":{"line":14,"column":48}},{"start":{"line":14,"column":48},"end":{"line":14,"column":52}}],"line":14},"3":{"loc":{"start":{"line":16,"column":4},"end":{"line":16,"column":null}},"type":"if","locations":[{"start":{"line":16,"column":4},"end":{"line":16,"column":null}},{"start":{},"end":{}}],"line":16},"4":{"loc":{"start":{"line":16,"column":8},"end":{"line":16,"column":50}},"type":"binary-expr","locations":[{"start":{"line":16,"column":8},"end":{"line":16,"column":23}},{"start":{"line":16,"column":23},"end":{"line":16,"column":50}}],"line":16},"5":{"loc":{"start":{"line":28,"column":4},"end":{"line":28,"column":null}},"type":"if","locations":[{"start":{"line":28,"column":4},"end":{"line":28,"column":null}},{"start":{},"end":{}}],"line":28},"6":{"loc":{"start":{"line":28,"column":8},"end":{"line":28,"column":50}},"type":"binary-expr","locations":[{"start":{"line":28,"column":8},"end":{"line":28,"column":23}},{"start":{"line":28,"column":23},"end":{"line":28,"column":50}}],"line":28}},"s":{"0":66,"1":2,"2":64,"3":66,"4":305,"5":58,"6":6,"7":8,"8":53,"9":4,"10":4},"f":{"0":66,"1":8},"b":{"0":[2,64],"1":[64,2],"2":[64,4,2],"3":[58,247],"4":[305,305],"5":[4,49],"6":[53,53]},"meta":{"lastBranch":7,"lastFunction":2,"lastStatement":11,"seen":{"f:12:16:12:28":0,"b:13:2:13:Infinity:undefined:undefined:undefined:undefined":0,"s:13:2:13:Infinity":0,"s:13:19:13:Infinity":1,"s:14:14:14:Infinity":2,"b:14:14:14:87:14:87:14:Infinity":1,"b:14:22:14:35:14:35:14:48:14:48:14:52":2,"s:15:2:17:Infinity":3,"b:16:4:16:Infinity:undefined:undefined:undefined:undefined":3,"s:16:4:16:Infinity":4,"b:16:8:16:23:16:23:16:50":4,"s:16:50:16:Infinity":5,"s:18:2:18:Infinity":6,"f:26:16:26:29":1,"s:27:2:29:Infinity":7,"b:28:4:28:Infinity:undefined:undefined:undefined:undefined":5,"s:28:4:28:Infinity":8,"b:28:8:28:23:28:23:28:50":6,"s:28:50:28:Infinity":9,"s:30:2:30:Infinity":10}}}
,"C:\\Users\\Administrator\\Documents\\ai\\ComfyUI\\custom_nodes\\ComfyUI_Data_Manager\\frontend\\src\\utils\\format.ts": {"path":"C:\\Users\\Administrator\\Documents\\ai\\ComfyUI\\custom_nodes\\ComfyUI_Data_Manager\\frontend\\src\\utils\\format.ts","statementMap":{"0":{"start":{"line":11,"column":2},"end":{"line":11,"column":null}},"1":{"start":{"line":11,"column":14},"end":{"line":11,"column":null}},"2":{"start":{"line":12,"column":2},"end":{"line":15,"column":null}},"3":{"start":{"line":13,"column":4},"end":{"line":13,"column":null}},"4":{"start":{"line":13,"column":22},"end":{"line":13,"column":null}},"5":{"start":{"line":14,"column":4},"end":{"line":14,"column":null}},"6":{"start":{"line":16,"column":2},"end":{"line":16,"column":null}},"7":{"start":{"line":25,"column":2},"end":{"line":25,"column":null}},"8":{"start":{"line":25,"column":16},"end":{"line":25,"column":null}},"9":{"start":{"line":26,"column":15},"end":{"line":26,"column":null}},"10":{"start":{"line":27,"column":2},"end":{"line":33,"column":null}},"11":{"start":{"line":42,"column":14},"end":{"line":42,"column":null}},"12":{"start":{"line":43,"column":2},"end":{"line":43,"column":null}},"13":{"start":{"line":44,"column":2},"end":{"line":44,"column":null}}},"fnMap":{"0":{"name":"formatSize","decl":{"start":{"line":10,"column":16},"end":{"line":10,"column":27}},"loc":{"start":{"line":10,"column":50},"end":{"line":17,"column":null}},"line":10},"1":{"name":"formatDate","decl":{"start":{"line":24,"column":16},"end":{"line":24,"column":27}},"loc":{"start":{"line":24,"column":52},"end":{"line":34,"column":null}},"line":24},"2":{"name":"escapeHtml","decl":{"start":{"line":41,"column":16},"end":{"line":41,"column":27}},"loc":{"start":{"line":41,"column":49},"end":{"line":45,"column":null}},"line":41}},"branchMap":{"0":{"loc":{"start":{"line":11,"column":2},"end":{"line":11,"column":null}},"type":"if","locations":[{"start":{"line":11,"column":2},"end":{"line":11,"column":null}},{"start":{},"end":{}}],"line":11},"1":{"loc":{"start":{"line":13,"column":4},"end":{"line":13,"column":null}},"type":"if","locations":[{"start":{"line":13,"column":4},"end":{"line":13,"column":null}},{"start":{},"end":{}}],"line":13},"2":{"loc":{"start":{"line":25,"column":2},"end":{"line":25,"column":null}},"type":"if","locations":[{"start":{"line":25,"column":2},"end":{"line":25,"column":null}},{"start":{},"end":{}}],"line":25}},"s":{"0":17,"1":3,"2":14,"3":35,"4":12,"5":23,"6":2,"7":6,"8":3,"9":3,"10":3,"11":10,"12":10,"13":10},"f":{"0":17,"1":6,"2":10},"b":{"0":[3,14],"1":[12,23],"2":[3,3]},"meta":{"lastBranch":3,"lastFunction":3,"lastStatement":14,"seen":{"f:10:16:10:27":0,"b:11:2:11:Infinity:undefined:undefined:undefined:undefined":0,"s:11:2:11:Infinity":0,"s:11:14:11:Infinity":1,"s:12:2:15:Infinity":2,"b:13:4:13:Infinity:undefined:undefined:undefined:undefined":1,"s:13:4:13:Infinity":3,"s:13:22:13:Infinity":4,"s:14:4:14:Infinity":5,"s:16:2:16:Infinity":6,"f:24:16:24:27":1,"b:25:2:25:Infinity:undefined:undefined:undefined:undefined":2,"s:25:2:25:Infinity":7,"s:25:16:25:Infinity":8,"s:26:15:26:Infinity":9,"s:27:2:33:Infinity":10,"f:41:16:41:27":2,"s:42:14:42:Infinity":11,"s:43:2:43:Infinity":12,"s:44:2:44:Infinity":13}}}
}
